This is pdfTeX, Version 3.141592653-2.6-1.40.27 (TeX Live 2025) (preloaded format=pdflatex 2025.3.8)  20 AUG 2025 14:58
entering extended mode
 restricted \write18 enabled.
 %&-line parsing enabled.
**/Volumes/T9/Cursor-Active/Riemann-unconditional/Aug-18-riemann-corrected.tex
(/Volumes/T9/Cursor-Active/Riemann-unconditional/Aug-18-riemann-corrected.tex
LaTeX2e <2024-11-01> patch level 2
L3 programming layer <2025-01-18>
(/usr/local/texlive/2025basic/texmf-dist/tex/latex/base/article.cls
Document Class: article 2024/06/29 v1.4n Standard LaTeX document class
(/usr/local/texlive/2025basic/texmf-dist/tex/latex/base/size11.clo
File: size11.clo 2024/06/29 v1.4n Standard LaTeX file (size option)
)
\c@part=\count196
\c@section=\count197
\c@subsection=\count198
\c@subsubsection=\count199
\c@paragraph=\count266
\c@subparagraph=\count267
\c@figure=\count268
\c@table=\count269
\abovecaptionskip=\skip49
\belowcaptionskip=\skip50
\bibindent=\dimen141
)
(/usr/local/texlive/2025basic/texmf-dist/tex/latex/booktabs/booktabs.sty
Package: booktabs 2020/01/12 v1.61803398 Publication quality tables
\heavyrulewidth=\dimen142
\lightrulewidth=\dimen143
\cmidrulewidth=\dimen144
\belowrulesep=\dimen145
\belowbottomsep=\dimen146
\aboverulesep=\dimen147
\abovetopsep=\dimen148
\cmidrulesep=\dimen149
\cmidrulekern=\dimen150
\defaultaddspace=\dimen151
\@cmidla=\count270
\@cmidlb=\count271
\@aboverulesep=\dimen152
\@belowrulesep=\dimen153
\@thisruleclass=\count272
\@lastruleclass=\count273
\@thisrulewidth=\dimen154
)
(/usr/local/texlive/2025basic/texmf-dist/tex/latex/float/float.sty
Package: float 2001/11/08 v1.3d Float enhancements (AL)
\c@float@type=\count274
\float@exts=\toks17
\float@box=\box52
\@float@everytoks=\toks18
\@floatcapt=\box53
)
(/usr/local/texlive/2025basic/texmf-dist/tex/latex/tools/longtable.sty
Package: longtable 2024-10-27 v4.22 Multi-page Table package (DPC)
\LTleft=\skip51
\LTright=\skip52
\LTpre=\skip53
\LTpost=\skip54
\LTchunksize=\count275
\LTcapwidth=\dimen155
\LT@head=\box54
\LT@firsthead=\box55
\LT@foot=\box56
\LT@lastfoot=\box57
\LT@gbox=\box58
\LT@cols=\count276
\LT@rows=\count277
\c@LT@tables=\count278
\c@LT@chunks=\count279
\LT@p@ftn=\toks19
)
(/usr/local/texlive/2025basic/texmf-dist/tex/latex/caption/caption.sty
Package: caption 2023/08/05 v3.6o Customizing captions (AR)

(/usr/local/texlive/2025basic/texmf-dist/tex/latex/caption/caption3.sty
Package: caption3 2023/07/31 v2.4d caption3 kernel (AR)

(/usr/local/texlive/2025basic/texmf-dist/tex/latex/graphics/keyval.sty
Package: keyval 2022/05/29 v1.15 key=value parser (DPC)
\KV@toks@=\toks20
)
\caption@tempdima=\dimen156
\captionmargin=\dimen157
\caption@leftmargin=\dimen158
\caption@rightmargin=\dimen159
\caption@width=\dimen160
\caption@indent=\dimen161
\caption@parindent=\dimen162
\caption@hangindent=\dimen163
Package caption Info: Standard document class detected.
)
\c@caption@flags=\count280
\c@continuedfloat=\count281
Package caption Info: float package is loaded.
Package caption Info: longtable package is loaded.

(/usr/local/texlive/2025basic/texmf-dist/tex/latex/caption/ltcaption.sty
Package: ltcaption 2021/01/08 v1.4c longtable captions (AR)
))
(/usr/local/texlive/2025basic/texmf-dist/tex/latex/geometry/geometry.sty
Package: geometry 2020/01/02 v5.9 Page Geometry

(/usr/local/texlive/2025basic/texmf-dist/tex/generic/iftex/ifvtex.sty
Package: ifvtex 2019/10/25 v1.7 ifvtex legacy package. Use iftex instead.

(/usr/local/texlive/2025basic/texmf-dist/tex/generic/iftex/iftex.sty
Package: iftex 2024/12/12 v1.0g TeX engine tests
))
\Gm@cnth=\count282
\Gm@cntv=\count283
\c@Gm@tempcnt=\count284
\Gm@bindingoffset=\dimen164
\Gm@wd@mp=\dimen165
\Gm@odd@mp=\dimen166
\Gm@even@mp=\dimen167
\Gm@layoutwidth=\dimen168
\Gm@layoutheight=\dimen169
\Gm@layouthoffset=\dimen170
\Gm@layoutvoffset=\dimen171
\Gm@dimlist=\toks21
)
(/usr/local/texlive/2025basic/texmf-dist/tex/latex/amsmath/amsmath.sty
Package: amsmath 2024/11/05 v2.17t AMS math features
\@mathmargin=\skip55

For additional information on amsmath, use the `?' option.
(/usr/local/texlive/2025basic/texmf-dist/tex/latex/amsmath/amstext.sty
Package: amstext 2021/08/26 v2.01 AMS text

(/usr/local/texlive/2025basic/texmf-dist/tex/latex/amsmath/amsgen.sty
File: amsgen.sty 1999/11/30 v2.0 generic functions
\@emptytoks=\toks22
\ex@=\dimen172
))
(/usr/local/texlive/2025basic/texmf-dist/tex/latex/amsmath/amsbsy.sty
Package: amsbsy 1999/11/29 v1.2d Bold Symbols
\pmbraise@=\dimen173
)
(/usr/local/texlive/2025basic/texmf-dist/tex/latex/amsmath/amsopn.sty
Package: amsopn 2022/04/08 v2.04 operator names
)
\inf@bad=\count285
LaTeX Info: Redefining \frac on input line 233.
\uproot@=\count286
\leftroot@=\count287
LaTeX Info: Redefining \overline on input line 398.
LaTeX Info: Redefining \colon on input line 409.
\classnum@=\count288
\DOTSCASE@=\count289
LaTeX Info: Redefining \ldots on input line 495.
LaTeX Info: Redefining \dots on input line 498.
LaTeX Info: Redefining \cdots on input line 619.
\Mathstrutbox@=\box59
\strutbox@=\box60
LaTeX Info: Redefining \big on input line 721.
LaTeX Info: Redefining \Big on input line 722.
LaTeX Info: Redefining \bigg on input line 723.
LaTeX Info: Redefining \Bigg on input line 724.
\big@size=\dimen174
LaTeX Font Info:    Redeclaring font encoding OML on input line 742.
LaTeX Font Info:    Redeclaring font encoding OMS on input line 743.
\macc@depth=\count290
LaTeX Info: Redefining \bmod on input line 904.
LaTeX Info: Redefining \pmod on input line 909.
LaTeX Info: Redefining \smash on input line 939.
LaTeX Info: Redefining \relbar on input line 969.
LaTeX Info: Redefining \Relbar on input line 970.
\c@MaxMatrixCols=\count291
\dotsspace@=\muskip17
\c@parentequation=\count292
\dspbrk@lvl=\count293
\tag@help=\toks23
\row@=\count294
\column@=\count295
\maxfields@=\count296
\andhelp@=\toks24
\eqnshift@=\dimen175
\alignsep@=\dimen176
\tagshift@=\dimen177
\tagwidth@=\dimen178
\totwidth@=\dimen179
\lineht@=\dimen180
\@envbody=\toks25
\multlinegap=\skip56
\multlinetaggap=\skip57
\mathdisplay@stack=\toks26
LaTeX Info: Redefining \[ on input line 2953.
LaTeX Info: Redefining \] on input line 2954.
)
(/usr/local/texlive/2025basic/texmf-dist/tex/latex/amsfonts/amssymb.sty
Package: amssymb 2013/01/14 v3.01 AMS font symbols

(/usr/local/texlive/2025basic/texmf-dist/tex/latex/amsfonts/amsfonts.sty
Package: amsfonts 2013/01/14 v3.01 Basic AMSFonts support
\symAMSa=\mathgroup4
\symAMSb=\mathgroup5
LaTeX Font Info:    Redeclaring math symbol \hbar on input line 98.
LaTeX Font Info:    Overwriting math alphabet `\mathfrak' in version `bold'
(Font)                  U/euf/m/n --> U/euf/b/n on input line 106.
))
(/usr/local/texlive/2025basic/texmf-dist/tex/latex/amscls/amsthm.sty
Package: amsthm 2020/05/29 v2.20.6
\thm@style=\toks27
\thm@bodyfont=\toks28
\thm@headfont=\toks29
\thm@notefont=\toks30
\thm@headpunct=\toks31
\thm@preskip=\skip58
\thm@postskip=\skip59
\thm@headsep=\skip60
\dth@everypar=\toks32
)
(/usr/local/texlive/2025basic/texmf-dist/tex/latex/mathtools/mathtools.sty
Package: mathtools 2024/10/04 v1.31 mathematical typesetting tools

(/usr/local/texlive/2025basic/texmf-dist/tex/latex/tools/calc.sty
Package: calc 2023/07/08 v4.3 Infix arithmetic (KKT,FJ)
\calc@Acount=\count297
\calc@Bcount=\count298
\calc@Adimen=\dimen181
\calc@Bdimen=\dimen182
\calc@Askip=\skip61
\calc@Bskip=\skip62
LaTeX Info: Redefining \setlength on input line 80.
LaTeX Info: Redefining \addtolength on input line 81.
\calc@Ccount=\count299
\calc@Cskip=\skip63
)
(/usr/local/texlive/2025basic/texmf-dist/tex/latex/mathtools/mhsetup.sty
Package: mhsetup 2021/03/18 v1.4 programming setup (MH)
)
\g_MT_multlinerow_int=\count300
\l_MT_multwidth_dim=\dimen183
\origjot=\skip64
\l_MT_shortvdotswithinadjustabove_dim=\dimen184
\l_MT_shortvdotswithinadjustbelow_dim=\dimen185
\l_MT_above_intertext_sep=\dimen186
\l_MT_below_intertext_sep=\dimen187
\l_MT_above_shortintertext_sep=\dimen188
\l_MT_below_shortintertext_sep=\dimen189
\xmathstrut@box=\box61
\xmathstrut@dim=\dimen190
)
(/usr/local/texlive/2025basic/texmf-dist/tex/latex/base/fontenc.sty
Package: fontenc 2021/04/29 v2.0v Standard LaTeX package
)
(/usr/local/texlive/2025basic/texmf-dist/tex/latex/lm/lmodern.sty
Package: lmodern 2015/05/01 v1.6.1 Latin Modern Fonts
LaTeX Font Info:    Overwriting symbol font `operators' in version `normal'
(Font)                  OT1/cmr/m/n --> OT1/lmr/m/n on input line 22.
LaTeX Font Info:    Overwriting symbol font `letters' in version `normal'
(Font)                  OML/cmm/m/it --> OML/lmm/m/it on input line 23.
LaTeX Font Info:    Overwriting symbol font `symbols' in version `normal'
(Font)                  OMS/cmsy/m/n --> OMS/lmsy/m/n on input line 24.
LaTeX Font Info:    Overwriting symbol font `largesymbols' in version `normal'
(Font)                  OMX/cmex/m/n --> OMX/lmex/m/n on input line 25.
LaTeX Font Info:    Overwriting symbol font `operators' in version `bold'
(Font)                  OT1/cmr/bx/n --> OT1/lmr/bx/n on input line 26.
LaTeX Font Info:    Overwriting symbol font `letters' in version `bold'
(Font)                  OML/cmm/b/it --> OML/lmm/b/it on input line 27.
LaTeX Font Info:    Overwriting symbol font `symbols' in version `bold'
(Font)                  OMS/cmsy/b/n --> OMS/lmsy/b/n on input line 28.
LaTeX Font Info:    Overwriting symbol font `largesymbols' in version `bold'
(Font)                  OMX/cmex/m/n --> OMX/lmex/m/n on input line 29.
LaTeX Font Info:    Overwriting math alphabet `\mathbf' in version `normal'
(Font)                  OT1/cmr/bx/n --> OT1/lmr/bx/n on input line 31.
LaTeX Font Info:    Overwriting math alphabet `\mathsf' in version `normal'
(Font)                  OT1/cmss/m/n --> OT1/lmss/m/n on input line 32.
LaTeX Font Info:    Overwriting math alphabet `\mathit' in version `normal'
(Font)                  OT1/cmr/m/it --> OT1/lmr/m/it on input line 33.
LaTeX Font Info:    Overwriting math alphabet `\mathtt' in version `normal'
(Font)                  OT1/cmtt/m/n --> OT1/lmtt/m/n on input line 34.
LaTeX Font Info:    Overwriting math alphabet `\mathbf' in version `bold'
(Font)                  OT1/cmr/bx/n --> OT1/lmr/bx/n on input line 35.
LaTeX Font Info:    Overwriting math alphabet `\mathsf' in version `bold'
(Font)                  OT1/cmss/bx/n --> OT1/lmss/bx/n on input line 36.
LaTeX Font Info:    Overwriting math alphabet `\mathit' in version `bold'
(Font)                  OT1/cmr/bx/it --> OT1/lmr/bx/it on input line 37.
LaTeX Font Info:    Overwriting math alphabet `\mathtt' in version `bold'
(Font)                  OT1/cmtt/m/n --> OT1/lmtt/m/n on input line 38.
)
(/usr/local/texlive/2025basic/texmf-dist/tex/latex/microtype/microtype.sty
Package: microtype 2025/02/11 v3.2a Micro-typographical refinements (RS)

(/usr/local/texlive/2025basic/texmf-dist/tex/latex/etoolbox/etoolbox.sty
Package: etoolbox 2025/02/11 v2.5l e-TeX tools for LaTeX (JAW)
\etb@tempcnta=\count301
)
\MT@toks=\toks33
\MT@tempbox=\box62
\MT@count=\count302
LaTeX Info: Redefining \noprotrusionifhmode on input line 1087.
LaTeX Info: Redefining \leftprotrusion on input line 1088.
\MT@prot@toks=\toks34
LaTeX Info: Redefining \rightprotrusion on input line 1107.
LaTeX Info: Redefining \textls on input line 1449.
\MT@outer@kern=\dimen191
LaTeX Info: Redefining \microtypecontext on input line 2053.
LaTeX Info: Redefining \textmicrotypecontext on input line 2070.
\MT@listname@count=\count303

(/usr/local/texlive/2025basic/texmf-dist/tex/latex/microtype/microtype-pdftex.d
ef
File: microtype-pdftex.def 2025/02/11 v3.2a Definitions specific to pdftex (RS)

LaTeX Info: Redefining \lsstyle on input line 944.
LaTeX Info: Redefining \lslig on input line 944.
\MT@outer@space=\skip65
)
Package microtype Info: Loading configuration file microtype.cfg.
 (/usr/local/texlive/2025basic/texmf-dist/tex/latex/microtype/microtype.cfg
File: microtype.cfg 2025/02/11 v3.2a microtype main configuration file (RS)
)
LaTeX Info: Redefining \microtypesetup on input line 3065.
) (/usr/local/texlive/2025basic/texmf-dist/tex/latex/hyperref/hyperref.sty
Package: hyperref 2024-11-05 v7.01l Hypertext links for LaTeX

(/usr/local/texlive/2025basic/texmf-dist/tex/latex/kvsetkeys/kvsetkeys.sty
Package: kvsetkeys 2022-10-05 v1.19 Key value parser (HO)
)
(/usr/local/texlive/2025basic/texmf-dist/tex/generic/kvdefinekeys/kvdefinekeys.
sty
Package: kvdefinekeys 2019-12-19 v1.6 Define keys (HO)
)
(/usr/local/texlive/2025basic/texmf-dist/tex/generic/pdfescape/pdfescape.sty
Package: pdfescape 2019/12/09 v1.15 Implements pdfTeX's escape features (HO)

(/usr/local/texlive/2025basic/texmf-dist/tex/generic/ltxcmds/ltxcmds.sty
Package: ltxcmds 2023-12-04 v1.26 LaTeX kernel commands for general use (HO)
)
(/usr/local/texlive/2025basic/texmf-dist/tex/generic/pdftexcmds/pdftexcmds.sty
Package: pdftexcmds 2020-06-27 v0.33 Utility functions of pdfTeX for LuaTeX (HO
)

(/usr/local/texlive/2025basic/texmf-dist/tex/generic/infwarerr/infwarerr.sty
Package: infwarerr 2019/12/03 v1.5 Providing info/warning/error messages (HO)
)
Package pdftexcmds Info: \pdf@primitive is available.
Package pdftexcmds Info: \pdf@ifprimitive is available.
Package pdftexcmds Info: \pdfdraftmode found.
)) (/usr/local/texlive/2025basic/texmf-dist/tex/latex/hycolor/hycolor.sty
Package: hycolor 2020-01-27 v1.10 Color options for hyperref/bookmark (HO)
)
(/usr/local/texlive/2025basic/texmf-dist/tex/latex/hyperref/nameref.sty
Package: nameref 2023-11-26 v2.56 Cross-referencing by name of section

(/usr/local/texlive/2025basic/texmf-dist/tex/latex/refcount/refcount.sty
Package: refcount 2019/12/15 v3.6 Data extraction from label references (HO)
)
(/usr/local/texlive/2025basic/texmf-dist/tex/generic/gettitlestring/gettitlestr
ing.sty
Package: gettitlestring 2019/12/15 v1.6 Cleanup title references (HO)

(/usr/local/texlive/2025basic/texmf-dist/tex/latex/kvoptions/kvoptions.sty
Package: kvoptions 2022-06-15 v3.15 Key value format for package options (HO)
))
\c@section@level=\count304
)
(/usr/local/texlive/2025basic/texmf-dist/tex/generic/stringenc/stringenc.sty
Package: stringenc 2019/11/29 v1.12 Convert strings between diff. encodings (HO
)
)
\@linkdim=\dimen192
\Hy@linkcounter=\count305
\Hy@pagecounter=\count306

(/usr/local/texlive/2025basic/texmf-dist/tex/latex/hyperref/pd1enc.def
File: pd1enc.def 2024-11-05 v7.01l Hyperref: PDFDocEncoding definition (HO)
Now handling font encoding PD1 ...
... no UTF-8 mapping file for font encoding PD1
)
(/usr/local/texlive/2025basic/texmf-dist/tex/generic/intcalc/intcalc.sty
Package: intcalc 2019/12/15 v1.3 Expandable calculations with integers (HO)
)
\Hy@SavedSpaceFactor=\count307

(/usr/local/texlive/2025basic/texmf-dist/tex/latex/hyperref/puenc.def
File: puenc.def 2024-11-05 v7.01l Hyperref: PDF Unicode definition (HO)
Now handling font encoding PU ...
... no UTF-8 mapping file for font encoding PU
)
Package hyperref Info: Hyper figures OFF on input line 4157.
Package hyperref Info: Link nesting OFF on input line 4162.
Package hyperref Info: Hyper index ON on input line 4165.
Package hyperref Info: Plain pages OFF on input line 4172.
Package hyperref Info: Backreferencing OFF on input line 4177.
Package hyperref Info: Implicit mode ON; LaTeX internals redefined.
Package hyperref Info: Bookmarks ON on input line 4424.
\c@Hy@tempcnt=\count308

(/usr/local/texlive/2025basic/texmf-dist/tex/latex/url/url.sty
\Urlmuskip=\muskip18
Package: url 2013/09/16  ver 3.4  Verb mode for urls, etc.
)
LaTeX Info: Redefining \url on input line 4763.
\XeTeXLinkMargin=\dimen193

(/usr/local/texlive/2025basic/texmf-dist/tex/generic/bitset/bitset.sty
Package: bitset 2019/12/09 v1.3 Handle bit-vector datatype (HO)

(/usr/local/texlive/2025basic/texmf-dist/tex/generic/bigintcalc/bigintcalc.sty
Package: bigintcalc 2019/12/15 v1.5 Expandable calculations on big integers (HO
)
))
\Fld@menulength=\count309
\Field@Width=\dimen194
\Fld@charsize=\dimen195
Package hyperref Info: Hyper figures OFF on input line 6042.
Package hyperref Info: Link nesting OFF on input line 6047.
Package hyperref Info: Hyper index ON on input line 6050.
Package hyperref Info: backreferencing OFF on input line 6057.
Package hyperref Info: Link coloring OFF on input line 6062.
Package hyperref Info: Link coloring with OCG OFF on input line 6067.
Package hyperref Info: PDF/A mode OFF on input line 6072.
 (/usr/local/texlive/2025basic/texmf-dist/tex/latex/base/atbegshi-ltx.sty
Package: atbegshi-ltx 2021/01/10 v1.0c Emulation of the original atbegshi
package with kernel methods
)
\Hy@abspage=\count310
\c@Item=\count311
\c@Hfootnote=\count312
)
Package hyperref Info: Driver (autodetected): hpdftex.

(/usr/local/texlive/2025basic/texmf-dist/tex/latex/hyperref/hpdftex.def
File: hpdftex.def 2024-11-05 v7.01l Hyperref driver for pdfTeX

(/usr/local/texlive/2025basic/texmf-dist/tex/latex/base/atveryend-ltx.sty
Package: atveryend-ltx 2020/08/19 v1.0a Emulation of the original atveryend pac
kage
with kernel methods
)
\Fld@listcount=\count313
\c@bookmark@seq@number=\count314

(/usr/local/texlive/2025basic/texmf-dist/tex/latex/rerunfilecheck/rerunfilechec
k.sty
Package: rerunfilecheck 2022-07-10 v1.10 Rerun checks for auxiliary files (HO)

(/usr/local/texlive/2025basic/texmf-dist/tex/generic/uniquecounter/uniquecounte
r.sty
Package: uniquecounter 2019/12/15 v1.4 Provide unlimited unique counter (HO)
)
Package uniquecounter Info: New unique counter `rerunfilecheck' on input line 2
85.
)
\Hy@SectionHShift=\skip66
) (/usr/local/texlive/2025basic/texmf-dist/tex/latex/natbib/natbib.sty
Package: natbib 2010/09/13 8.31b (PWD, AO)
\bibhang=\skip67
\bibsep=\skip68
LaTeX Info: Redefining \cite on input line 694.
\c@NAT@ctr=\count315
)
Package hyperref Info: Option `colorlinks' set `true' on input line 14.
\c@theorem=\count316
LaTeX Font Info:    Trying to load font information for T1+lmr on input line 43
.

(/usr/local/texlive/2025basic/texmf-dist/tex/latex/lm/t1lmr.fd
File: t1lmr.fd 2015/05/01 v1.6.1 Font defs for Latin Modern
)
(/usr/local/texlive/2025basic/texmf-dist/tex/latex/l3backend/l3backend-pdftex.d
ef
File: l3backend-pdftex.def 2024-05-08 L3 backend support: PDF output (pdfTeX)
\l__color_backend_stack_int=\count317
\l__pdf_internal_box=\box63
)
(/Volumes/T9/Cursor-Active/Riemann-unconditional/Aug-18-riemann-corrected.aux

LaTeX Warning: Label `lem:hilbert' multiply defined.


LaTeX Warning: Label `sec:discussion' multiply defined.


LaTeX Warning: Label `lem:trace-lock' multiply defined.


LaTeX Warning: Label `cor:det2-invariance' multiply defined.


LaTeX Warning: Label `thm:bridge-C' multiply defined.


LaTeX Warning: Label `thm:diag-cover-corrected' multiply defined.


LaTeX Warning: Label `thm:bridges-imply-RH' multiply defined.

)
\openout1 = `Aug-18-riemann-corrected.aux'.

LaTeX Font Info:    Checking defaults for OML/cmm/m/it on input line 43.
LaTeX Font Info:    ... okay on input line 43.
LaTeX Font Info:    Checking defaults for OMS/cmsy/m/n on input line 43.
LaTeX Font Info:    ... okay on input line 43.
LaTeX Font Info:    Checking defaults for OT1/cmr/m/n on input line 43.
LaTeX Font Info:    ... okay on input line 43.
LaTeX Font Info:    Checking defaults for T1/cmr/m/n on input line 43.
LaTeX Font Info:    ... okay on input line 43.
LaTeX Font Info:    Checking defaults for TS1/cmr/m/n on input line 43.
LaTeX Font Info:    ... okay on input line 43.
LaTeX Font Info:    Checking defaults for OMX/cmex/m/n on input line 43.
LaTeX Font Info:    ... okay on input line 43.
LaTeX Font Info:    Checking defaults for U/cmr/m/n on input line 43.
LaTeX Font Info:    ... okay on input line 43.
LaTeX Font Info:    Checking defaults for PD1/pdf/m/n on input line 43.
LaTeX Font Info:    ... okay on input line 43.
LaTeX Font Info:    Checking defaults for PU/pdf/m/n on input line 43.
LaTeX Font Info:    ... okay on input line 43.
Package caption Info: Begin \AtBeginDocument code.
Package caption Info: hyperref package is loaded.
Package caption Info: End \AtBeginDocument code.

*geometry* driver: auto-detecting
*geometry* detected driver: pdftex
*geometry* verbose mode - [ preamble ] result:
* driver: pdftex
* paper: <default>
* layout: <same size as paper>
* layoutoffset:(h,v)=(0.0pt,0.0pt)
* modes: 
* h-part:(L,W,R)=(72.26999pt, 469.75502pt, 72.26999pt)
* v-part:(T,H,B)=(72.26999pt, 650.43001pt, 72.26999pt)
* \paperwidth=614.295pt
* \paperheight=794.96999pt
* \textwidth=469.75502pt
* \textheight=650.43001pt
* \oddsidemargin=0.0pt
* \evensidemargin=0.0pt
* \topmargin=-37.0pt
* \headheight=12.0pt
* \headsep=25.0pt
* \topskip=11.0pt
* \footskip=30.0pt
* \marginparwidth=59.0pt
* \marginparsep=10.0pt
* \columnsep=10.0pt
* \skip\footins=10.0pt plus 4.0pt minus 2.0pt
* \hoffset=0.0pt
* \voffset=0.0pt
* \mag=1000
* \@twocolumnfalse
* \@twosidefalse
* \@mparswitchfalse
* \@reversemarginfalse
* (1in=72.27pt=25.4mm, 1cm=28.453pt)

(/usr/local/texlive/2025basic/texmf-dist/tex/latex/graphics/graphicx.sty
Package: graphicx 2021/09/16 v1.2d Enhanced LaTeX Graphics (DPC,SPQR)

(/usr/local/texlive/2025basic/texmf-dist/tex/latex/graphics/graphics.sty
Package: graphics 2024/08/06 v1.4g Standard LaTeX Graphics (DPC,SPQR)

(/usr/local/texlive/2025basic/texmf-dist/tex/latex/graphics/trig.sty
Package: trig 2023/12/02 v1.11 sin cos tan (DPC)
)
(/usr/local/texlive/2025basic/texmf-dist/tex/latex/graphics-cfg/graphics.cfg
File: graphics.cfg 2016/06/04 v1.11 sample graphics configuration
)
Package graphics Info: Driver file: pdftex.def on input line 106.

(/usr/local/texlive/2025basic/texmf-dist/tex/latex/graphics-def/pdftex.def
File: pdftex.def 2024/04/13 v1.2c Graphics/color driver for pdftex

(/usr/local/texlive/2025basic/texmf-dist/tex/context/base/mkii/supp-pdf.mkii
[Loading MPS to PDF converter (version 2006.09.02).]
\scratchcounter=\count318
\scratchdimen=\dimen196
\scratchbox=\box64
\nofMPsegments=\count319
\nofMParguments=\count320
\everyMPshowfont=\toks35
\MPscratchCnt=\count321
\MPscratchDim=\dimen197
\MPnumerator=\count322
\makeMPintoPDFobject=\count323
\everyMPtoPDFconversion=\toks36
)))
(/usr/local/texlive/2025basic/texmf-dist/tex/latex/epstopdf-pkg/epstopdf-base.s
ty
Package: epstopdf-base 2020-01-24 v2.11 Base part for package epstopdf
Package epstopdf-base Info: Redefining graphics rule for `.eps' on input line 4
85.

(/usr/local/texlive/2025basic/texmf-dist/tex/latex/latexconfig/epstopdf-sys.cfg
File: epstopdf-sys.cfg 2010/07/13 v1.3 Configuration of (r)epstopdf for TeX Liv
e
))
\Gin@req@height=\dimen198
\Gin@req@width=\dimen199
)
LaTeX Info: Redefining \microtypecontext on input line 43.
Package microtype Info: Applying patch `item' on input line 43.
Package microtype Info: Applying patch `toc' on input line 43.
Package microtype Info: Applying patch `eqnum' on input line 43.
Package microtype Info: Applying patch `footnote' on input line 43.
Package microtype Info: Applying patch `verbatim' on input line 43.
LaTeX Info: Redefining \microtypesetup on input line 43.
Package microtype Info: Generating PDF output.
Package microtype Info: Character protrusion enabled (level 2).
Package microtype Info: Using default protrusion set `alltext'.
Package microtype Info: Automatic font expansion enabled (level 2),
(microtype)             stretch: 20, shrink: 20, step: 1, non-selected.
Package microtype Info: Using default expansion set `alltext-nott'.
LaTeX Info: Redefining \showhyphens on input line 43.
Package microtype Info: No adjustment of tracking.
Package microtype Info: No adjustment of interword spacing.
Package microtype Info: No adjustment of character kerning.
 (/usr/local/texlive/2025basic/texmf-dist/tex/latex/microtype/mt-cmr.cfg
File: mt-cmr.cfg 2013/05/19 v2.2 microtype config. file: Computer Modern Roman 
(RS)
)
(/usr/local/texlive/2025basic/texmf-dist/tex/latex/graphics/color.sty
Package: color 2024/06/23 v1.3e Standard LaTeX Color (DPC)

(/usr/local/texlive/2025basic/texmf-dist/tex/latex/graphics-cfg/color.cfg
File: color.cfg 2016/01/02 v1.6 sample color configuration
)
Package color Info: Driver file: pdftex.def on input line 149.

(/usr/local/texlive/2025basic/texmf-dist/tex/latex/graphics/mathcolor.ltx))
Package hyperref Info: Link coloring ON on input line 43.

(/Volumes/T9/Cursor-Active/Riemann-unconditional/Aug-18-riemann-corrected.out)
(/Volumes/T9/Cursor-Active/Riemann-unconditional/Aug-18-riemann-corrected.out)
\@outlinefile=\write3
\openout3 = `Aug-18-riemann-corrected.out'.

LaTeX Font Info:    Trying to load font information for OT1+lmr on input line 4
5.

(/usr/local/texlive/2025basic/texmf-dist/tex/latex/lm/ot1lmr.fd
File: ot1lmr.fd 2015/05/01 v1.6.1 Font defs for Latin Modern
)
LaTeX Font Info:    Trying to load font information for OML+lmm on input line 4
5.

(/usr/local/texlive/2025basic/texmf-dist/tex/latex/lm/omllmm.fd
File: omllmm.fd 2015/05/01 v1.6.1 Font defs for Latin Modern
)
LaTeX Font Info:    Trying to load font information for OMS+lmsy on input line 
45.

(/usr/local/texlive/2025basic/texmf-dist/tex/latex/lm/omslmsy.fd
File: omslmsy.fd 2015/05/01 v1.6.1 Font defs for Latin Modern
)
LaTeX Font Info:    Trying to load font information for OMX+lmex on input line 
45.

(/usr/local/texlive/2025basic/texmf-dist/tex/latex/lm/omxlmex.fd
File: omxlmex.fd 2015/05/01 v1.6.1 Font defs for Latin Modern
)
LaTeX Font Info:    External font `lmex10' loaded for size
(Font)              <12> on input line 45.
LaTeX Font Info:    External font `lmex10' loaded for size
(Font)              <8> on input line 45.
LaTeX Font Info:    External font `lmex10' loaded for size
(Font)              <6> on input line 45.
LaTeX Font Info:    Trying to load font information for U+msa on input line 45.


(/usr/local/texlive/2025basic/texmf-dist/tex/latex/amsfonts/umsa.fd
File: umsa.fd 2013/01/14 v3.01 AMS symbols A
)
(/usr/local/texlive/2025basic/texmf-dist/tex/latex/microtype/mt-msa.cfg
File: mt-msa.cfg 2006/02/04 v1.1 microtype config. file: AMS symbols (a) (RS)
)
LaTeX Font Info:    Trying to load font information for U+msb on input line 45.


(/usr/local/texlive/2025basic/texmf-dist/tex/latex/amsfonts/umsb.fd
File: umsb.fd 2013/01/14 v3.01 AMS symbols B
)
(/usr/local/texlive/2025basic/texmf-dist/tex/latex/microtype/mt-msb.cfg
File: mt-msb.cfg 2005/06/01 v1.0 microtype config. file: AMS symbols (b) (RS)
)
LaTeX Font Info:    External font `lmex10' loaded for size
(Font)              <10> on input line 47.
LaTeX Font Info:    External font `lmex10' loaded for size
(Font)              <7> on input line 47.
LaTeX Font Info:    External font `lmex10' loaded for size
(Font)              <5> on input line 47.
LaTeX Font Info:    External font `lmex10' loaded for size
(Font)              <10.95> on input line 62.


[1

{/usr/local/texlive/2025basic/texmf-var/fonts/map/pdftex/updmap/pdftex.map}{/us
r/local/texlive/2025basic/texmf-dist/fonts/enc/dvips/lm/lm-ec.enc}{/usr/local/t
exlive/2025basic/texmf-dist/fonts/enc/dvips/lm/lm-rm.enc}{/usr/local/texlive/20
25basic/texmf-dist/fonts/enc/dvips/lm/lm-mathsy.enc}{/usr/local/texlive/2025bas
ic/texmf-dist/fonts/enc/dvips/lm/lm-mathit.enc}{/usr/local/texlive/2025basic/te
xmf-dist/fonts/enc/dvips/lm/lm-mathex.enc}]
LaTeX Font Info:    Trying to load font information for TS1+lmr on input line 8
1.

(/usr/local/texlive/2025basic/texmf-dist/tex/latex/lm/ts1lmr.fd
File: ts1lmr.fd 2015/05/01 v1.6.1 Font defs for Latin Modern
)

[2{/usr/local/texlive/2025basic/texmf-dist/fonts/enc/dvips/lm/lm-ts1.enc}]
LaTeX Font Info:    Trying to load font information for U+euf on input line 108
.

(/usr/local/texlive/2025basic/texmf-dist/tex/latex/amsfonts/ueuf.fd
File: ueuf.fd 2013/01/14 v3.01 Euler Fraktur
)
(/usr/local/texlive/2025basic/texmf-dist/tex/latex/microtype/mt-euf.cfg
File: mt-euf.cfg 2006/07/03 v1.1 microtype config. file: AMS Euler Fraktur (RS)

)

[3]

[4]

[5]

[6]

[7]

[8]

[9]
Overfull \hbox (10.92058pt too wide) in paragraph at lines 477--478
\T1/lmr/m/n/10.95 (-20) Dividing by $\OML/lmm/m/it/10.95 L$ \T1/lmr/m/n/10.95 (
-20) and tak-ing the supre-mum in $\OML/lmm/m/it/10.95 L; t[]$ \T1/lmr/m/n/10.9
5 (-20) proves the first in-equal-ity with $\OML/lmm/m/it/10.95 C \OT1/lmr/m/n/
10.95 (-20) = \OML/lmm/m/it/10.95 C[] \OT1/lmr/m/n/10.95 (-20) (\OML/lmm/m/it/1
0.95 N[]M[]\OT1/lmr/m/n/10.95 (-20) )[] \OMS/lmsy/m/n/10.95 A\OT1/lmr/m/n/10.95
 (-20) (\OML/lmm/m/it/10.95  \OT1/lmr/m/n/10.95 (-20) )$\T1/lmr/m/n/10.95 (-20)
 .
 []



[10]

[11]

[12]

[13]

[14]

[15]
Overfull \hbox (13.59557pt too wide) in paragraph at lines 717--724
[]\T1/lmr/m/n/10.95 (-20) By H$[]$--BMO du-al-ity, for ev-ery in-ter-val $\OML/
lmm/m/it/10.95 I \OT1/lmr/m/n/10.95 (-20) = [\OML/lmm/m/it/10.95 t[] \OMS/lmsy/
m/n/10.95 ^^@ \OML/lmm/m/it/10.95 L; t[] \OT1/lmr/m/n/10.95 (-20) + \OML/lmm/m/
it/10.95 L\OT1/lmr/m/n/10.95 (-20) ]$ \T1/lmr/m/n/10.95 (-20) we have $[] [] \O
ML/lmm/m/it/10.95 u ^^^[][] \OMS/lmsy/m/n/10.95 ^^T k\OML/lmm/m/it/10.95 u\OMS/
lmsy/m/n/10.95 k[] k\OML/lmm/m/it/10.95 ^^^[]\OMS/lmsy/m/n/10.95 k[]$\T1/lmr/m/
n/10.95 (-20) .
 []


LaTeX Warning: Reference `lem:hilbert-aux' on page 16 undefined on input line 7
68.



[16]
Overfull \hbox (93.73572pt too wide) detected at line 821
\OML/lmm/m/it/10.95 ^^V[]  \OT1/lmr/m/n/10.95 :=  [] [][][][\OML/lmm/m/it/10.95
 i; i\OT1/lmr/m/n/10.95 ]  \OMS/lmsy/m/n/10.95 ^^@  [] []f j[][]\OT1/lmr/m/n/10
.95 [\OML/lmm/m/it/10.95 i; j\OT1/lmr/m/n/10.95 ]\OMS/lmsy/m/n/10.95 j\OML/lmm/
m/it/10.95 ;  \OMS/lmsy/m/n/10.95 j[][]\OT1/lmr/m/n/10.95 [\OML/lmm/m/it/10.95 
i; j\OT1/lmr/m/n/10.95 ]\OMS/lmsy/m/n/10.95 j g[]\OML/lmm/m/it/10.95 ;  U[]  \O
T1/lmr/m/n/10.95 :=  []\OML/lmm/m/it/10.95 ;
 []



[17]
Overfull \hbox (0.97804pt too wide) detected at line 825
\OML/lmm/m/it/10.95 ^^U[][]H\OT1/lmr/m/n/10.95 (\OML/lmm/m/it/10.95 ^^[\OT1/lmr
/m/n/10.95 )[]  \OMS/lmsy/m/n/10.95 ^^U  \OML/lmm/m/it/10.95 ^^N\OT1/lmr/m/n/10
.95 (\OML/lmm/m/it/10.95 ^^[[]\OT1/lmr/m/n/10.95 )\OML/lmm/m/it/10.95 ;  ^^N\OT
1/lmr/m/n/10.95 (\OML/lmm/m/it/10.95 ^^[[]\OT1/lmr/m/n/10.95 ) := [] []0\OML/lm
m/m/it/10.95 ;  [] []^^V[] \OMS/lmsy/m/n/10.95 ^^@ [] \OML/lmm/m/it/10.95 U[][]
;  [] ^^V[]  \OMS/lmsy/m/n/10.95 ^^@  [] [] [] [] \OML/lmm/m/it/10.95 U[][]:
 []



[18]

[19]

[20]

[21]

LaTeX Warning: Reference `lem:hilbert-aux' on page 22 undefined on input line 1
028.



[22]

[23]

[24]

[25]

[26]

[27]

[28]

[29]
LaTeX Font Info:    External font `lmex10' loaded for size
(Font)              <14.4> on input line 1367.


Package hyperref Warning: Token not allowed in a PDF string (Unicode):
(hyperref)                removing `math shift' on input line 1367.


Package hyperref Warning: Token not allowed in a PDF string (Unicode):
(hyperref)                removing `subscript' on input line 1367.


Package hyperref Warning: Token not allowed in a PDF string (Unicode):
(hyperref)                removing `\psi' on input line 1367.


Package hyperref Warning: Token not allowed in a PDF string (Unicode):
(hyperref)                removing `superscript' on input line 1367.


Package hyperref Warning: Token not allowed in a PDF string (Unicode):
(hyperref)                removing `superscript' on input line 1367.


Package hyperref Warning: Token not allowed in a PDF string (Unicode):
(hyperref)                removing `math shift' on input line 1367.



[30]

[31

]

[32]

Package hyperref Warning: Token not allowed in a PDF string (Unicode):
(hyperref)                removing `math shift' on input line 1513.


Package hyperref Warning: Token not allowed in a PDF string (Unicode):
(hyperref)                removing `\mathop' on input line 1513.


Package hyperref Warning: Token not allowed in a PDF string (Unicode):
(hyperref)                removing `\mathcode' on input line 1513.


Package hyperref Warning: Token not allowed in a PDF string (Unicode):
(hyperref)                removing `\mathcode' on input line 1513.


Package hyperref Warning: Token not allowed in a PDF string (Unicode):
(hyperref)                removing `\mathcode' on input line 1513.


Package hyperref Warning: Token not allowed in a PDF string (Unicode):
(hyperref)                removing `\mathchardef' on input line 1513.


Package hyperref Warning: Token not allowed in a PDF string (Unicode):
(hyperref)                removing `\std@minus' on input line 1513.


Package hyperref Warning: Token not allowed in a PDF string (Unicode):
(hyperref)                removing `\mathcode' on input line 1513.


Package hyperref Warning: Token not allowed in a PDF string (Unicode):
(hyperref)                removing `\mathcode' on input line 1513.


Package hyperref Warning: Token not allowed in a PDF string (Unicode):
(hyperref)                removing `\mathcode' on input line 1513.


Package hyperref Warning: Token not allowed in a PDF string (Unicode):
(hyperref)                removing `\mathcode' on input line 1513.


Package hyperref Warning: Token not allowed in a PDF string (Unicode):
(hyperref)                removing `\leavevmode@ifvmode' on input line 1513.


Package hyperref Warning: Token not allowed in a PDF string (Unicode):
(hyperref)                \kern 2.43306pt
(hyperref)                removed on input line 1513.


Package hyperref Warning: Token not allowed in a PDF string (Unicode):
(hyperref)                removing `\mathgroup' on input line 1513.


Package hyperref Warning: Token not allowed in a PDF string (Unicode):
(hyperref)                removing `\symoperators' on input line 1513.


Package hyperref Warning: Token not allowed in a PDF string (Unicode):
(hyperref)                removing `subscript' on input line 1513.


Package hyperref Warning: Token not allowed in a PDF string (Unicode):
(hyperref)                removing `\@ifnextchar' on input line 1513.



[33]

[34]

Package hyperref Warning: Token not allowed in a PDF string (Unicode):
(hyperref)                removing `math shift' on input line 1618.


Package hyperref Warning: Token not allowed in a PDF string (Unicode):
(hyperref)                removing `math shift' on input line 1618.


Package hyperref Warning: Token not allowed in a PDF string (Unicode):
(hyperref)                removing `math shift' on input line 1618.


Package hyperref Warning: Token not allowed in a PDF string (Unicode):
(hyperref)                removing `math shift' on input line 1618.



[35]

[36]

Package hyperref Warning: Token not allowed in a PDF string (Unicode):
(hyperref)                removing `math shift' on input line 1678.


Package hyperref Warning: Token not allowed in a PDF string (Unicode):
(hyperref)                removing `subscript' on input line 1678.


Package hyperref Warning: Token not allowed in a PDF string (Unicode):
(hyperref)                removing `math shift' on input line 1678.


Package hyperref Warning: Token not allowed in a PDF string (Unicode):
(hyperref)                removing `math shift' on input line 1710.


Package hyperref Warning: Token not allowed in a PDF string (Unicode):
(hyperref)                removing `math shift' on input line 1710.



[37]

[38]

Package hyperref Warning: Token not allowed in a PDF string (Unicode):
(hyperref)                removing `math shift' on input line 1771.


Package hyperref Warning: Token not allowed in a PDF string (Unicode):
(hyperref)                removing `math shift' on input line 1771.


Package hyperref Warning: Token not allowed in a PDF string (Unicode):
(hyperref)                removing `math shift' on input line 1771.


Package hyperref Warning: Token not allowed in a PDF string (Unicode):
(hyperref)                removing `math shift' on input line 1771.



[39]

[40]

Package hyperref Warning: Token not allowed in a PDF string (Unicode):
(hyperref)                removing `math shift' on input line 1869.


Package hyperref Warning: Token not allowed in a PDF string (Unicode):
(hyperref)                removing `\xi' on input line 1869.


Package hyperref Warning: Token not allowed in a PDF string (Unicode):
(hyperref)                removing `math shift' on input line 1878.


Package hyperref Warning: Token not allowed in a PDF string (Unicode):
(hyperref)                removing `\Re' on input line 1878.


Package hyperref Warning: Token not allowed in a PDF string (Unicode):
(hyperref)                removing `\<def>-command' on input line 1878.


Package hyperref Warning: Token not allowed in a PDF string (Unicode):
(hyperref)                removing `\<def>-command' on input line 1878.


Package hyperref Warning: Token not allowed in a PDF string (Unicode):
(hyperref)                removing `\@tempb' on input line 1878.


Package hyperref Warning: Token not allowed in a PDF string (Unicode):
(hyperref)                removing `\varepsilon' on input line 1878.



[41]

Package hyperref Warning: Token not allowed in a PDF string (Unicode):
(hyperref)                removing `math shift' on input line 1902.


Package hyperref Warning: Token not allowed in a PDF string (Unicode):
(hyperref)                removing `\varepsilon' on input line 1902.


Package hyperref Warning: Token not allowed in a PDF string (Unicode):
(hyperref)                removing `\downarrow' on input line 1902.



[42]

[43]

[44]

[45]

[46]
LaTeX Font Info:    Trying to load font information for OT1+lmss on input line 
2136.
 (/usr/local/texlive/2025basic/texmf-dist/tex/latex/lm/ot1lmss.fd
File: ot1lmss.fd 2015/05/01 v1.6.1 Font defs for Latin Modern
)
Package microtype Info: Loading generic protrusion settings for font family
(microtype)             `lmss' (encoding: OT1).
(microtype)             For optimal results, create family-specific settings.
(microtype)             See the microtype manual for details.


Package natbib Warning: Citation `Garnett' on page 47 undefined on input line 2
145.


Package natbib Warning: Citation `RosenblumRovnyak' on page 47 undefined on inp
ut line 2145.



[47]

[48]

Package natbib Warning: Citation `Garnett' on page 49 undefined on input line 2
243.



[49]

[50]

[51]

LaTeX Warning: Reference `lem:cayley-cont' on page 52 undefined on input line 2
346.



[52]

Package hyperref Warning: Token not allowed in a PDF string (Unicode):
(hyperref)                removing `math shift' on input line 2411.


Package hyperref Warning: Token not allowed in a PDF string (Unicode):
(hyperref)                removing `superscript' on input line 2411.


Package hyperref Warning: Token not allowed in a PDF string (Unicode):
(hyperref)                removing `\infty' on input line 2411.


Package hyperref Warning: Token not allowed in a PDF string (Unicode):
(hyperref)                removing `math shift' on input line 2411.



[53]

LaTeX Warning: Reference `lem:cayley-cont' on page 54 undefined on input line 2
430.


LaTeX Warning: Reference `lem:cayley-cont' on page 54 undefined on input line 2
433.



[54]

LaTeX Warning: Reference `cor:interior-alignment' on page 55 undefined on input
 line 2471.



[55]

Package natbib Warning: Citation `deBrangesRovnyak' on page 56 undefined on inp
ut line 2493.


Package natbib Warning: Citation `DymGohberg' on page 56 undefined on input lin
e 2493.


Package natbib Warning: Citation `SzNagyFoias' on page 56 undefined on input li
ne 2493.


Package natbib Warning: Citation `Garnett' on page 56 undefined on input line 2
493.


Package natbib Warning: Citation `RosenblumRovnyak' on page 56 undefined on inp
ut line 2493.



[56]

Package hyperref Warning: Token not allowed in a PDF string (Unicode):
(hyperref)                removing `math shift' on input line 2506.


Package hyperref Warning: Token not allowed in a PDF string (Unicode):
(hyperref)                removing `math shift' on input line 2506.



[57]

[58]

[59]
Overfull \hbox (7.76666pt too wide) detected at line 2660
[]
 []


Overfull \hbox (89.9042pt too wide) detected at line 2672
[]
 []



[60]

Package hyperref Warning: Token not allowed in a PDF string (Unicode):
(hyperref)                removing `math shift' on input line 2728.


Package hyperref Warning: Token not allowed in a PDF string (Unicode):
(hyperref)                removing `\to' on input line 2728.


Package hyperref Warning: Token not allowed in a PDF string (Unicode):
(hyperref)                removing `math shift' on input line 2728.


Package hyperref Warning: Token not allowed in a PDF string (Unicode):
(hyperref)                removing `\mathop' on input line 2728.


Package hyperref Warning: Token not allowed in a PDF string (Unicode):
(hyperref)                removing `\mathcode' on input line 2728.


Package hyperref Warning: Token not allowed in a PDF string (Unicode):
(hyperref)                removing `\mathcode' on input line 2728.


Package hyperref Warning: Token not allowed in a PDF string (Unicode):
(hyperref)                removing `\mathcode' on input line 2728.


Package hyperref Warning: Token not allowed in a PDF string (Unicode):
(hyperref)                removing `\mathchardef' on input line 2728.


Package hyperref Warning: Token not allowed in a PDF string (Unicode):
(hyperref)                removing `\std@minus' on input line 2728.


Package hyperref Warning: Token not allowed in a PDF string (Unicode):
(hyperref)                removing `\mathcode' on input line 2728.


Package hyperref Warning: Token not allowed in a PDF string (Unicode):
(hyperref)                removing `\mathcode' on input line 2728.


Package hyperref Warning: Token not allowed in a PDF string (Unicode):
(hyperref)                removing `\mathcode' on input line 2728.


Package hyperref Warning: Token not allowed in a PDF string (Unicode):
(hyperref)                removing `\mathcode' on input line 2728.


Package hyperref Warning: Token not allowed in a PDF string (Unicode):
(hyperref)                removing `\leavevmode@ifvmode' on input line 2728.


Package hyperref Warning: Token not allowed in a PDF string (Unicode):
(hyperref)                \kern 2.43306pt
(hyperref)                removed on input line 2728.


Package hyperref Warning: Token not allowed in a PDF string (Unicode):
(hyperref)                removing `\mathgroup' on input line 2728.


Package hyperref Warning: Token not allowed in a PDF string (Unicode):
(hyperref)                removing `\symoperators' on input line 2728.


Package hyperref Warning: Token not allowed in a PDF string (Unicode):
(hyperref)                removing `subscript' on input line 2728.


Package hyperref Warning: Token not allowed in a PDF string (Unicode):
(hyperref)                removing `\@ifnextchar' on input line 2728.


Package hyperref Warning: Token not allowed in a PDF string (Unicode):
(hyperref)                removing `math shift' on input line 2731.


Package hyperref Warning: Token not allowed in a PDF string (Unicode):
(hyperref)                removing `\xi' on input line 2731.



[61]

Package hyperref Warning: Token not allowed in a PDF string (Unicode):
(hyperref)                removing `math shift' on input line 2761.


Package hyperref Warning: Token not allowed in a PDF string (Unicode):
(hyperref)                removing `superscript' on input line 2761.


Package hyperref Warning: Token not allowed in a PDF string (Unicode):
(hyperref)                removing `\infty' on input line 2761.


Package hyperref Warning: Token not allowed in a PDF string (Unicode):
(hyperref)                removing `math shift' on input line 2761.



[62]

Package natbib Warning: Citation `WalshApprox' on page 63 undefined on input li
ne 2777.


Package natbib Warning: Citation `SaffTotik' on page 63 undefined on input line
 2777.


Package hyperref Warning: Token not allowed in a PDF string (Unicode):
(hyperref)                removing `math shift' on input line 2791.


Package hyperref Warning: Token not allowed in a PDF string (Unicode):
(hyperref)                removing `\partial' on input line 2791.



[63]

[64]

[65]

[66]

[67]
Overfull \hbox (5.05013pt too wide) in paragraph at lines 2989--2991
[]\T1/lmr/m/n/10.95 (-20) By the mass^^U1 bounds above and the ex-plicit ban-dl
imit es-ti-mate, we have $[][] \OML/lmm/m/it/10.95 C[]\OT1/lmr/m/n/10.95 (-20) 
(\OML/lmm/m/it/10.95  ; L; ^^T\OT1/lmr/m/n/10.95 (-20) ) \OMS/lmsy/m/n/10.95 ^^
T
 []



[68]

[69]

[70]
Overfull \hbox (13.52374pt too wide) detected at line 3095
[] [][] \OMS/lmsy/m/n/10.95 j\OML/lmm/m/it/10.95 v\OT1/lmr/m/n/10.95 (\OML/lmm/
m/it/10.95 t\OT1/lmr/m/n/10.95 )\OMS/lmsy/m/n/10.95 j \OML/lmm/m/it/10.95 dt  \
OMS/lmsy/m/n/10.95 ^^T  [] [][]  \OML/lmm/m/it/10.95 w[]\OT1/lmr/m/n/10.95 (\OM
L/lmm/m/it/10.95 y\OT1/lmr/m/n/10.95 )[] [][] \OMS/lmsy/m/n/10.95 j\OML/lmm/m/i
t/10.95 @[]U\OT1/lmr/m/n/10.95 (\OML/lmm/m/it/10.95 y; t\OT1/lmr/m/n/10.95 )\OM
S/lmsy/m/n/10.95 j \OML/lmm/m/it/10.95 dt[]dy  \OMS/lmsy/m/n/10.95 ^^T  [][] []
[] \OML/lmm/m/it/10.95 w[]\OT1/lmr/m/n/10.95 (\OML/lmm/m/it/10.95 y\OT1/lmr/m/n
/10.95 ) \OML/lmm/m/it/10.95 dy[] \OMS/lmsy/m/n/10.95 ^^A []  [] [][] j\OML/lmm
/m/it/10.95 @[]U\OT1/lmr/m/n/10.95 (\OML/lmm/m/it/10.95 y; t\OT1/lmr/m/n/10.95 
)\OMS/lmsy/m/n/10.95 j \OML/lmm/m/it/10.95 dt:
 []



[71]

[72]

[73]

[74]

[75]

[76]
Overfull \hbox (1.37862pt too wide) in paragraph at lines 3385--3386
[][]\T1/lmr/bx/n/10.95 (-20) Theorem 159 \T1/lmr/m/n/10.95 (-20) (Bridges A--C 
im-ply RH)\T1/lmr/bx/n/10.95 (-20) . []\T1/lmr/m/it/10.95 (-20) As-sume: (A) th
e det--zeta fac-tor-iza-tion $\OML/lmm/m/it/10.95 ^^X\OT1/lmr/m/n/10.95 (-20) (
\OML/lmm/m/it/10.95 s\OT1/lmr/m/n/10.95 (-20) ) = \OML/lmm/m/it/10.95 e[] [][]\
OT1/lmr/m/n/10.95 (-20) (\OML/lmm/m/it/10.95 I \OMS/lmsy/m/n/10.95 ^^@
 []



[77]
Overfull \hbox (65.1717pt too wide) detected at line 3411
\OML/lmm/m/it/10.95 R[]\OT1/lmr/m/n/10.95 (\OML/lmm/m/it/10.95 p\OT1/lmr/m/n/10
.95 ; \OML/lmm/m/it/10.95 ^^[\OT1/lmr/m/n/10.95 )  :=  [] \OMS/lmsy/m/n/10.95 j
\OML/lmm/m/it/10.95 K[]\OMS/lmsy/m/n/10.95 j  ^^T  \OML/lmm/m/it/10.95 c p[]  [
] q[];  R[]\OT1/lmr/m/n/10.95 (\OML/lmm/m/it/10.95 q\OT1/lmr/m/n/10.95 ; \OML/l
mm/m/it/10.95 ^^[\OT1/lmr/m/n/10.95 )  :=  [] \OMS/lmsy/m/n/10.95 j\OML/lmm/m/i
t/10.95 K[]\OMS/lmsy/m/n/10.95 j  ^^T  \OML/lmm/m/it/10.95 c q[]  [] p[]:
 []


Overfull \hbox (60.96951pt too wide) detected at line 3420
\OML/lmm/m/it/10.95 c  \OMS/lmsy/m/n/10.95 ^^T  []  []\OML/lmm/m/it/10.95 ;  c 
 \OMS/lmsy/m/n/10.95 ^^T  []  []\OML/lmm/m/it/10.95 ;
 []

\c@ptlemma=\count324


[78]
Overfull \hbox (2.84036pt too wide) in paragraph at lines 3513--3513
[][]\T1/lmr/bx/n/14.4 (-20) Route A: Bridges A--C and Cer-ti-fied Schur Cov-er-
ing (Sign-Corrected) 
 []



[79]

[80] (/Volumes/T9/Cursor-Active/Riemann-unconditional/certificate_covering.tex)
(/Volumes/T9/Cursor-Active/Riemann-unconditional/covering_summary.tex)
(/Volumes/T9/Cursor-Active/Riemann-unconditional/certificate_covering_per_sigma
.tex)

[81]
(/Volumes/T9/Cursor-Active/Riemann-unconditional/prime_tail_certificate_table.t
ex
Overfull \hbox (133.95166pt too wide) in alignment at lines 4--9
 [] [] [] [] [] [] [] [] [] [] [] [] 
 []


Overfull \hbox (133.95166pt too wide) in alignment at lines 9--13
 [] [] [] [] [] [] [] [] [] [] [] [] 
 []


Overfull \hbox (133.95166pt too wide) in alignment at lines 13--15
 [] [] [] [] [] [] [] [] [] [] [] [] 
 []


Overfull \hbox (133.95166pt too wide) in alignment at lines 15--23
 [] [] [] [] [] [] [] [] [] [] [] [] 
 []

)
LaTeX Font Info:    Trying to load font information for T1+lmtt on input line 3
609.
 (/usr/local/texlive/2025basic/texmf-dist/tex/latex/lm/t1lmtt.fd
File: t1lmtt.fd 2015/05/01 v1.6.1 Font defs for Latin Modern
)
Package microtype Info: Loading generic protrusion settings for font family
(microtype)             `lmtt' (encoding: T1).
(microtype)             For optimal results, create family-specific settings.
(microtype)             See the microtype manual for details.

Overfull \hbox (266.08287pt too wide) in paragraph at lines 3615--3615
[]\T1/lmtt/m/n/10.95 0.6000 & 0.0150 & 1.60344 & 77  & 0.0279663 & 0.0316651 & 
0.0007495 & 0.0005709 & 0.9786261 & 0.9176743 & 0.0240516 & -0.0480744[] 
 []


Overfull \hbox (266.08287pt too wide) in paragraph at lines 3615--3615
[]\T1/lmtt/m/n/10.95 0.5850 & 0.0150 & 1.61776 & 86  & 0.0291379 & 0.0354960 & 
0.0007268 & 0.0005996 & 0.9772491 & 0.9112887 & 0.0242664 & -0.0313068[] 
 []


Overfull \hbox (266.08287pt too wide) in paragraph at lines 3615--3615
[]\T1/lmtt/m/n/10.95 0.5700 & 0.0150 & 1.63286 & 91  & 0.0303640 & 0.0409033 & 
0.0007494 & 0.0006882 & 0.9752871 & 0.9025823 & 0.0244929 & -0.0172068[] 
 []


Overfull \hbox (266.08287pt too wide) in paragraph at lines 3615--3615
[]\T1/lmtt/m/n/10.95 0.5550 & 0.0150 & 1.64754 & 107 & 0.0316473 & 0.0471726 & 
0.0006927 & 0.0007084 & 0.9740892 & 0.8938682 & 0.0247131 & -0.0034686[] 
 []


Overfull \hbox (260.33414pt too wide) in paragraph at lines 3615--3615
[]\T1/lmtt/m/n/10.95 0.5400 & 0.0150 & 1.66233 & 132 & 0.0329907 & 0.0559256 & 
0.0006121 & 0.0007166 & 0.9731981 & 0.8829530 & 0.0249349 & 0.0077145[] 
 []


Package natbib Warning: There were undefined citations.



[82]
(/Volumes/T9/Cursor-Active/Riemann-unconditional/Aug-18-riemann-corrected.aux)
 ***********
LaTeX2e <2024-11-01> patch level 2
L3 programming layer <2025-01-18>
 ***********


LaTeX Warning: There were undefined references.


LaTeX Warning: There were multiply-defined labels.


Package rerunfilecheck Warning: File `Aug-18-riemann-corrected.out' has changed
.
(rerunfilecheck)                Rerun to get outlines right
(rerunfilecheck)                or use package `bookmark'.

Package rerunfilecheck Info: Checksums for `Aug-18-riemann-corrected.out':
(rerunfilecheck)             Before: E42C771D6387F91BC7B443EF13FECBA0;15786
(rerunfilecheck)             After:  DCA9FA85137B2B6FB37A0959B8F81CB4;15801.
 ) 
Here is how much of TeX's memory you used:
 16734 strings out of 474662
 267384 string characters out of 5751110
 709527 words of memory out of 5000000
 38573 multiletter control sequences out of 15000+600000
 718864 words of font info for 360 fonts, out of 8000000 for 9000
 319 hyphenation exceptions out of 8191
 75i,13n,79p,1069b,605s stack positions out of 10000i,1000n,20000p,200000b,200000s
</usr/local/texlive/2025basic/texmf-dist/fonts/type1/public/amsfonts/euler/eu
fm10.pfb></usr/local/texlive/2025basic/texmf-dist/fonts/type1/public/lm/lmbx10.
pfb></usr/local/texlive/2025basic/texmf-dist/fonts/type1/public/lm/lmbx12.pfb><
/usr/local/texlive/2025basic/texmf-dist/fonts/type1/public/lm/lmex10.pfb></usr/
local/texlive/2025basic/texmf-dist/fonts/type1/public/lm/lmmi10.pfb></usr/local
/texlive/2025basic/texmf-dist/fonts/type1/public/lm/lmmi12.pfb></usr/local/texl
ive/2025basic/texmf-dist/fonts/type1/public/lm/lmmi6.pfb></usr/local/texlive/20
25basic/texmf-dist/fonts/type1/public/lm/lmmi7.pfb></usr/local/texlive/2025basi
c/texmf-dist/fonts/type1/public/lm/lmmi8.pfb></usr/local/texlive/2025basic/texm
f-dist/fonts/type1/public/lm/lmr10.pfb></usr/local/texlive/2025basic/texmf-dist
/fonts/type1/public/lm/lmr12.pfb></usr/local/texlive/2025basic/texmf-dist/fonts
/type1/public/lm/lmr17.pfb></usr/local/texlive/2025basic/texmf-dist/fonts/type1
/public/lm/lmr6.pfb></usr/local/texlive/2025basic/texmf-dist/fonts/type1/public
/lm/lmr7.pfb></usr/local/texlive/2025basic/texmf-dist/fonts/type1/public/lm/lmr
8.pfb></usr/local/texlive/2025basic/texmf-dist/fonts/type1/public/lm/lmri10.pfb
></usr/local/texlive/2025basic/texmf-dist/fonts/type1/public/lm/lmss10.pfb></us
r/local/texlive/2025basic/texmf-dist/fonts/type1/public/lm/lmss8.pfb></usr/loca
l/texlive/2025basic/texmf-dist/fonts/type1/public/lm/lmsy10.pfb></usr/local/tex
live/2025basic/texmf-dist/fonts/type1/public/lm/lmsy6.pfb></usr/local/texlive/2
025basic/texmf-dist/fonts/type1/public/lm/lmsy7.pfb></usr/local/texlive/2025bas
ic/texmf-dist/fonts/type1/public/lm/lmsy8.pfb></usr/local/texlive/2025basic/tex
mf-dist/fonts/type1/public/lm/lmtt10.pfb></usr/local/texlive/2025basic/texmf-di
st/fonts/type1/public/amsfonts/symbols/msam10.pfb></usr/local/texlive/2025basic
/texmf-dist/fonts/type1/public/amsfonts/symbols/msbm10.pfb>
Output written on /Volumes/T9/Cursor-Active/Riemann-unconditional/Aug-18-rieman
n-corrected.pdf (82 pages, 881868 bytes).
PDF statistics:
 1394 PDF objects out of 1440 (max. 8388607)
 1241 compressed objects within 13 object streams
 464 named destinations out of 1000 (max. 500000)
 86969 words of extra memory for PDF output out of 89155 (max. 10000000)

