\BOOKMARK [1][-]{section.1}{\376\377\000I\000n\000t\000r\000o\000d\000u\000c\000t\000i\000o\000n}{}% 1
\BOOKMARK [1][-]{section.2}{\376\377\000B\000r\000i\000d\000g\000e\000s\000\040\000B\040\023\000C\000:\000\040\000F\000i\000n\000i\000t\000e\000-\000t\000o\000-\000f\000u\000l\000l\000\040\000p\000r\000o\000p\000a\000g\000a\000t\000i\000o\000n\000\040\000a\000n\000d\000\040\000d\000i\000a\000g\000o\000n\000a\000l\000\040\000c\000o\000v\000e\000r\000i\000n\000g}{}% 2
\BOOKMARK [1][-]{section.3}{\376\377\000D\000i\000s\000c\000u\000s\000s\000i\000o\000n\000\040\000a\000n\000d\000\040\000o\000u\000t\000l\000o\000o\000k}{}% 3
\BOOKMARK [1][-]{section.4}{\376\377\000A\000p\000p\000e\000n\000d\000i\000x\000:\000\040\000C\000a\000r\000l\000e\000s\000o\000n\000\040\000e\000m\000b\000e\000d\000d\000i\000n\000g\000\040\000c\000o\000n\000s\000t\000a\000n\000t\000\040\000f\000o\000r\000\040\000f\000i\000x\000e\000d\000\040\000a\000p\000e\000r\000t\000u\000r\000e}{}% 4
\BOOKMARK [1][-]{section.5}{\376\377\000A\000p\000p\000e\000n\000d\000i\000x\000:\000\040\000N\000u\000m\000e\000r\000i\000c\000a\000l\000\040\000e\000v\000a\000l\000u\000a\000t\000i\000o\000n\000\040\000o\000f\000\040\000C\000\050\000H\0001\000\051\000\040\000f\000o\000r\000\040\000t\000h\000e\000\040\000p\000r\000i\000n\000t\000e\000d\000\040\000w\000i\000n\000d\000o\000w}{}% 5
\BOOKMARK [1][-]{section*.49}{\376\377\000A\000r\000c\000h\000i\000v\000e\000d\000\040\000P\000S\000C\000\040\000r\000o\000u\000t\000e\000\040\000\050\000n\000o\000t\000\040\000u\000s\000e\000d\000\051}{}% 6
\BOOKMARK [2][-]{subsection.Alph0.1}{\376\377\000H\000S\000\040\000c\000o\000n\000t\000i\000n\000u\000i\000t\000y\000\040\000i\000m\000p\000l\000i\000e\000s\000\040\000l\000o\000c\000a\000l\000-\000u\000n\000i\000f\000o\000r\000m\000\040\000c\000o\000n\000v\000e\000r\000g\000e\000n\000c\000e\000\040\000o\000f\000\040\000`\0003\003\001\0009\000`\0004\0002\000`\000"\003\007\0006\0001\0003\000A\000`\000`\0004\0005\000`\0004\0007\000`\000"\0006\0000\0003\000A\000d\000e\000t\0002}{section*.49}% 7
\BOOKMARK [1][-]{appendix.A}{\376\377\000N\000o\000t\000a\000t\000i\000o\000n\000\040\000a\000n\000d\000\040\000c\000o\000n\000v\000e\000n\000t\000i\000o\000n\000s}{}% 8
\BOOKMARK [1][-]{appendix.B}{\376\377\000S\000c\000h\000u\000r\040\023\000d\000e\000t\000e\000r\000m\000i\000n\000a\000n\000t\000\040\000s\000p\000l\000i\000t\000t\000i\000n\000g\000\040\000a\000n\000d\000\040\000t\000h\000e\000\040\000f\000i\000n\000i\000t\000e\000\040\000b\000l\000o\000c\000k}{}% 9
\BOOKMARK [2][-]{subsection.B.1}{\376\377\000E\000x\000p\000l\000i\000c\000i\000t\000\040\000B\000,\000C\000,\000D\000\040\000p\000a\000r\000a\000m\000e\000t\000e\000r\000i\000z\000a\000t\000i\000o\000n\000s\000\040\000f\000o\000r\000\040\000t\000h\000e\000\040\000k\000=\0001\000+\000a\000r\000c\000h\000i\000m\000e\000d\000e\000a\000n\000\040\000b\000l\000o\000c\000k}{appendix.B}% 10
\BOOKMARK [2][-]{subsection.B.2}{\376\377\000C\000o\000n\000t\000r\000a\000c\000t\000i\000v\000i\000t\000y\000\040\000w\000i\000t\000h\000\040\000a\000\040\000b\000u\000d\000g\000e\000t\000e\000d\000\040\000p\000o\000r\000t\000\040\000D\000N}{appendix.B}% 11
\BOOKMARK [2][-]{subsection.B.3}{\376\377\000N\000P\000\040\000i\000n\000t\000e\000r\000p\000o\000l\000a\000t\000i\000o\000n\000\040\000f\000o\000r\000\040\000t\000h\000e\000\040\000a\000r\000c\000h\000i\000m\000e\000d\000e\000a\000n\000\040\000p\000o\000r\000t\000\040\000a\000n\000d\000\040\000k\000=\0001\000\040\000s\000e\000p\000a\000r\000a\000t\000i\000o\000n}{appendix.B}% 12
\BOOKMARK [2][-]{subsection.B.4}{\376\377\000S\000c\000h\000u\000r\000\040\000f\000i\000n\000i\000t\000e\000\040\000b\000l\000o\000c\000k\000s\000\040\000w\000i\000t\000h\000\040\000u\000n\000i\000f\000o\000r\000m\000-\000o\000n\000-\000K\000\040\000k\000=\0001\000\040\000c\000o\000n\000t\000r\000o\000l}{appendix.B}% 13
\BOOKMARK [1][-]{appendix.C}{\376\377\000F\000i\000n\000i\000t\000e\000-\000s\000t\000a\000g\000e\000\040\000K\000Y\000P\000\040\000c\000e\000r\000t\000i\000f\000i\000c\000a\000t\000e\000s\000:\000\040\000l\000o\000s\000s\000l\000e\000s\000s\000\040\000f\000a\000c\000t\000o\000r\000i\000z\000a\000t\000i\000o\000n\000\040\000a\000n\000d\000\040\000p\000r\000i\000m\000e\000-\000g\000r\000i\000d\000\040\000m\000o\000d\000e\000l}{}% 14
\BOOKMARK [2][-]{subsection.C.1}{\376\377\000B\000o\000u\000n\000d\000e\000d\000-\000r\000e\000a\000l\000\040\000l\000e\000m\000m\000a\000\040\000a\000n\000d\000\040\000t\000h\000e\000\040\000l\000o\000s\000s\000l\000e\000s\000s\000\040\000K\000Y\000P\000\040\000e\000q\000u\000a\000l\000i\000t\000i\000e\000s}{appendix.C}% 15
\BOOKMARK [2][-]{subsection.C.2}{\376\377\000P\000r\000i\000m\000e\000-\000g\000r\000i\000d\000\040\000l\000o\000s\000s\000l\000e\000s\000s\000\040\000m\000o\000d\000e\000l}{appendix.C}% 16
\BOOKMARK [2][-]{subsection.C.3}{\376\377\000I\000n\000n\000e\000r\000\040\000c\000o\000m\000p\000e\000n\000s\000a\000t\000o\000r\000\040\000f\000o\000r\000\040\000z\000e\000r\000o\000s\000\040\000o\000f\000\040}{appendix.C}% 17
\BOOKMARK [2][-]{subsection.C.4}{\376\377\000P\000r\000o\000t\000o\000t\000y\000p\000e\000\040\000o\000u\000t\000e\000r\000\040\000f\000a\000c\000t\000o\000r\000\040\000o\000n\000\040\000s\000=\000\040\000r\000e\000p\000s\000t\000o\000p\000d\000f\0001\0002\000+}{appendix.C}% 18
\BOOKMARK [2][-]{subsection.C.5}{\376\377\000S\000m\000o\000o\000t\000h\000e\000d\000\040\0000\000\040\000b\000o\000u\000n\000d\000a\000r\000y\000\040\000c\000o\000n\000t\000r\000o\000l}{appendix.C}% 19
\BOOKMARK [2][-]{subsection.C.6}{\376\377\000S\000m\000o\000o\000t\000h\000e\000d\000\040\000e\000x\000p\000l\000i\000c\000i\000t\000-\000f\000o\000r\000m\000u\000l\000a\000\040\000r\000o\000u\000t\000e\000\040\000a\000n\000d\000\040\000d\000e\000-\000s\000m\000o\000o\000t\000h\000i\000n\000g}{appendix.C}% 20
\BOOKMARK [2][-]{subsection.C.7}{\376\377\000G\000l\000o\000b\000a\000l\000\040\000d\000a\000m\000p\000i\000n\000g\000/\000w\000e\000i\000g\000h\000t\000i\000n\000g\000\040\000f\000o\000r\000\040\000a\000l\000i\000g\000n\000m\000e\000n\000t\000\040\000\050\000S\000c\000h\000u\000r\000-\000t\000e\000s\000t\000\040\000f\000o\000r\000m\000u\000l\000a\000t\000i\000o\000n\000\051}{appendix.C}% 21
\BOOKMARK [2][-]{subsection.C.8}{\376\377\000C\000a\000y\000l\000e\000y\000-\000d\000i\000f\000f\000e\000r\000e\000n\000c\000e\000\040\000c\000o\000n\000t\000r\000o\000l\000\040\000o\000n\000\040\000c\000o\000m\000p\000a\000c\000t\000s}{appendix.C}% 22
\BOOKMARK [1][-]{appendix.D}{\376\377\000M\000a\000i\000n\000\040\000t\000h\000e\000o\000r\000e\000m\000\040\000\050\000f\000o\000r\000m\000a\000l\000\040\000s\000t\000a\000t\000e\000m\000e\000n\000t\000\040\000a\000n\000d\000\040\000p\000r\000o\000o\000f\000\051}{}% 23
\BOOKMARK [1][-]{appendix.E}{\376\377\000P\000r\000a\000c\000t\000i\000c\000a\000l\000\040\000a\000l\000i\000g\000n\000m\000e\000n\000t\000\040\000s\000t\000r\000a\000t\000e\000g\000i\000e\000s}{}% 24
\BOOKMARK [2][-]{subsection.E.1}{\376\377\000B\000o\000u\000n\000d\000a\000r\000y\000\040\000m\000a\000t\000c\000h\000i\000n\000g\000\040\000v\000i\000a\000\040\000N\000e\000v\000a\000n\000l\000i\000n\000n\000a\040\023\000P\000i\000c\000k\000\040\000i\000n\000t\000e\000r\000p\000o\000l\000a\000t\000i\000o\000n}{appendix.E}% 25
\BOOKMARK [2][-]{subsection.E.2}{\376\377\000I\000n\000t\000e\000r\000i\000o\000r\000\040\000H\000\040\000a\000l\000i\000g\000n\000m\000e\000n\000t\000\040\000v\000i\000a\000\040\000p\000a\000s\000s\000i\000v\000e\000\040\000a\000p\000p\000r\000o\000x\000i\000m\000a\000n\000t\000s}{appendix.E}% 26
\BOOKMARK [2][-]{subsection.E.3}{\376\377\000A\000s\000y\000m\000p\000t\000o\000t\000i\000c\000\040\000c\000o\000n\000t\000r\000o\000l\000\040\000a\000t\000\040\000i\000n\000f\000i\000n\000i\000t\000y}{appendix.E}% 27
\BOOKMARK [1][-]{appendix.F}{\376\377\000R\000e\000l\000a\000t\000e\000d\000\040\000w\000o\000r\000k}{}% 28
\BOOKMARK [1][-]{appendix.G}{\376\377\000D\000i\000s\000c\000u\000s\000s\000i\000o\000n\000\040\000a\000n\000d\000\040\000o\000u\000t\000l\000o\000o\000k}{}% 29
\BOOKMARK [1][-]{appendix.H}{\376\377\000L\000i\000m\000i\000t\000a\000t\000i\000o\000n\000s\000\040\000a\000n\000d\000\040\000s\000c\000o\000p\000e}{}% 30
\BOOKMARK [1][-]{appendix.I}{\376\377\000E\000x\000a\000m\000p\000l\000e\000s\000:\000\040\000s\000m\000a\000l\000l\000-\000N\000\040\000p\000r\000i\000m\000e\000-\000g\000r\000i\000d\000\040\000m\000o\000d\000e\000l\000s}{}% 31
\BOOKMARK [2][-]{subsection.I.1}{\376\377\000K\000Y\000P\000\040\000G\000r\000a\000m\000\040\000i\000d\000e\000n\000t\000i\000t\000y\000\040\000i\000n\000\040\000h\000a\000l\000f\000-\000p\000l\000a\000n\000e\000\040\000n\000o\000t\000a\000t\000i\000o\000n}{appendix.I}% 32
\BOOKMARK [2][-]{subsection.I.2}{\376\377\000E\000x\000p\000a\000n\000d\000e\000d\000\040\000p\000r\000o\000o\000f\000\040\000o\000f\000\040\000S\000c\000h\000u\000r\040\023\000d\000e\000t\000e\000r\000m\000i\000n\000a\000n\000t\000\040\000s\000p\000l\000i\000t\000t\000i\000n\000g\000\040\000\050\000P\000r\000o\000p\000o\000s\000i\000t\000i\000o\000n\000\040\0005\0006\000\051}{appendix.I}% 33
\BOOKMARK [2][-]{subsection.I.3}{\376\377\000E\000x\000p\000a\000n\000d\000e\000d\000\040\000p\000r\000o\000o\000f\000\040\000o\000f\000\040\000H\000S\000`\0003\003\001\0009\000`\0004\0002\000`\000"\003\007\0006\0001\0003\000A\000`\000`\0004\0005\000`\0004\0007\000`\000"\0006\0000\0003\000A\000d\000e\000t\0002\000\040\000c\000o\000n\000v\000e\000r\000g\000e\000n\000c\000e\000\040\000\050\000P\000r\000o\000p\000o\000s\000i\000t\000i\000o\000n\000\040\0005\0004\000\051}{appendix.I}% 34
\BOOKMARK [2][-]{subsection.I.4}{\376\377\000A\000s\000y\000m\000p\000t\000o\000t\000i\000c\000s\000\040\000o\000f\000\040\000t\000h\000e\000\040\000c\000o\000m\000p\000l\000e\000t\000e\000d\000\040\000z\000e\000t\000a\000\040}{appendix.I}% 35
\BOOKMARK [2][-]{subsection.I.5}{\376\377\000H\000a\000l\000f\000-\000p\000l\000a\000n\000e\000\040\000P\000i\000c\000k\000\040\000k\000e\000r\000n\000e\000l\000\040\000f\000r\000o\000m\000\040\000t\000h\000e\000\040\000d\000i\000s\000k}{appendix.I}% 36
\BOOKMARK [2][-]{subsection.I.6}{\376\377\000D\000i\000s\000c\000r\000e\000t\000e\000-\000t\000i\000m\000e\000\040\000K\000Y\000P\000\040\000\050\000d\000i\000s\000k\000\051\000\040\000v\000a\000r\000i\000a\000n\000t}{appendix.I}% 37
\BOOKMARK [2][-]{subsection.I.7}{\376\377\000L\000o\000s\000s\000l\000e\000s\000s\000\040\000r\000e\000a\000l\000i\000z\000a\000t\000i\000o\000n\000s\000\040\000f\000o\000r\000\040\000N\000P\000\040\000d\000a\000t\000a}{appendix.I}% 38
\BOOKMARK [2][-]{subsection.I.8}{\376\377\000H\000a\000l\000f\000-\000p\000l\000a\000n\000e\000\040\000K\000Y\000P\000\040\000e\000p\000i\000g\000r\000a\000p\000h\000\040\000f\000o\000r\000\040\000b\000o\000u\000n\000d\000a\000r\000y\000\040\000H\000\040\000a\000p\000p\000r\000o\000x\000i\000m\000a\000t\000i\000o\000n}{appendix.I}% 39
\BOOKMARK [2][-]{subsection.I.9}{\376\377\000R\000a\000t\000i\000o\000n\000a\000l\000\040\000a\000p\000p\000r\000o\000x\000i\000m\000a\000t\000i\000o\000n\000\040\000o\000n\000\040\000a\000n\000a\000l\000y\000t\000i\000c\000\040\000c\000u\000r\000v\000e\000s}{appendix.I}% 40
\BOOKMARK [2][-]{subsection.I.10}{\376\377\000E\000x\000p\000l\000i\000c\000i\000t\000\040\000f\000o\000r\000m\000u\000l\000a\000\040\000\050\000p\000r\000e\000c\000i\000s\000e\000\040\000v\000a\000r\000i\000a\000n\000t\000\040\000u\000s\000e\000d\000\051}{appendix.I}% 41
\BOOKMARK [2][-]{subsection.I.11}{\376\377\000N\000u\000m\000e\000r\000i\000c\000a\000l\000\040\000n\000o\000t\000e\000:\000\040\000g\000r\000i\000d\000/\000K\000Y\000P\000\040\000s\000o\000l\000v\000e\000\040\000o\000n\000\040\000R}{appendix.I}% 42
\BOOKMARK [2][-]{subsection.I.12}{\376\377\000C\000a\000r\000l\000e\000s\000o\000n\000\040\000s\000e\000l\000f\000-\000c\000o\000r\000r\000e\000c\000t\000i\000o\000n\000\040\000a\000n\000d\000\040\000a\000\040\000d\000i\000r\000e\000c\000t\000\040\000r\000o\000u\000t\000e\000\040\000t\000o\000\040\000\050\000P\000+\000\051\000\040\000a\000n\000d\000\040\000R\000H}{appendix.I}% 43
\BOOKMARK [2][-]{subsection.I.13}{\376\377\000T\000e\000s\000t\000\040\000f\000u\000n\000c\000t\000i\000o\000n\000s\000\040\000a\000n\000d\000\040\000P\000o\000i\000s\000s\000o\000n\000\040\000s\000t\000a\000p\000l\000e\000s}{appendix.I}% 44
\BOOKMARK [2][-]{subsection.I.14}{\376\377\000A\000n\000c\000i\000l\000l\000a\000r\000y\000\040\000b\000o\000u\000n\000d\000s\000\040\000o\000n\000\040\000s\000h\000o\000r\000t\000\040\000i\000n\000t\000e\000r\000v\000a\000l\000s}{appendix.I}% 45
\BOOKMARK [2][-]{subsection.I.15}{\376\377\000C\000a\000r\000l\000e\000s\000o\000n\000\040\000b\000o\000u\000n\000d\000\040\000f\000r\000o\000m\000\040\000t\000h\000e\000\040\000p\000h\000a\000s\000e\040\023\000v\000e\000l\000o\000c\000i\000t\000y\000\040\000i\000d\000e\000n\000t\000i\000t\000y}{appendix.I}% 46
\BOOKMARK [1][-]{appendix.J}{\376\377\000A\000p\000p\000e\000n\000d\000i\000x\000:\000\040\000T\000e\000c\000h\000n\000i\000c\000a\000l\000\040\000p\000r\000o\000o\000f\000s\000\040\000f\000o\000r\000\040\000t\000h\000e\000\040\000P\000S\000C\000\040\000s\000e\000c\000t\000i\000o\000n}{}% 47
\BOOKMARK [2][-]{subsection.J.1}{\376\377\000W\000h\000i\000t\000n\000e\000y\000\040\000l\000o\000w\000e\000r\000\040\000b\000o\000u\000n\000d\000\040\000\050\000p\000r\000o\000o\000f\000\040\000o\000f\000\040\000L\000e\000m\000m\000a\000\040\0001\0003\0003\000\051}{appendix.J}% 48
\BOOKMARK [2][-]{subsection.J.2}{\376\377\000A\000r\000c\000h\000i\000m\000e\000d\000e\000a\000n\000\040\000c\000o\000n\000t\000r\000o\000l\000\040\000\050\000p\000r\000o\000o\000f\000\040\000o\000f\000\040\000L\000e\000m\000m\000a\000\040\0001\0003\0004\000\051}{appendix.J}% 49
\BOOKMARK [2][-]{subsection.J.3}{\376\377\000P\000r\000i\000m\000e\000-\000s\000i\000d\000e\000\040\000d\000i\000f\000f\000e\000r\000e\000n\000c\000e\000\040\000\050\000d\000e\000t\000a\000i\000l\000s\000\040\000f\000o\000r\000\040\000L\000e\000m\000m\000a\000\040\0001\0003\0005\000\051}{appendix.J}% 50
\BOOKMARK [1][-]{appendix.K}{\376\377\000P\000o\000i\000s\000s\000o\000n\040\023\000C\000a\000r\000l\000e\000s\000o\000n\000\040\000B\000r\000i\000d\000g\000e\000\040\000w\000i\000t\000h\000\040\000E\000x\000p\000l\000i\000c\000i\000t\000\040\000C\000o\000n\000s\000t\000a\000n\000t\000s}{}% 51
\BOOKMARK [2][-]{subsection.K.1}{\376\377\000E\000x\000p\000l\000i\000c\000i\000t\000\040\000c\000o\000n\000s\000t\000a\000n\000t\000s\000\040\000a\000n\000d\000\040\000o\000n\000e\000-\000l\000i\000n\000e\000\040\000c\000e\000r\000t\000i\000f\000i\000c\000a\000t\000e}{appendix.K}% 52
\BOOKMARK [1][-]{appendix.L}{\376\377\000B\000r\000i\000d\000g\000e\000\040\000A\000:\000\040\000d\000e\000t\000e\000r\000m\000i\000n\000a\000n\000t\040\023\000z\000e\000t\000a\000\040\000l\000i\000n\000k\000\040\000\050\000c\000a\000n\000o\000n\000i\000c\000a\000l\000,\000\040\000u\000n\000c\000o\000n\000d\000i\000t\000i\000o\000n\000a\000l\000\051}{}% 53
\BOOKMARK [1][-]{appendix.M}{\376\377\000B\000r\000i\000d\000g\000e\000s\000\040\000B\040\023\000C\000:\000\040\000F\000i\000n\000i\000t\000e\000-\000t\000o\000-\000f\000u\000l\000l\000\040\000p\000r\000o\000p\000a\000g\000a\000t\000i\000o\000n\000\040\000a\000n\000d\000\040\000d\000i\000a\000g\000o\000n\000a\000l\000\040\000c\000o\000v\000e\000r\000i\000n\000g}{}% 54
\BOOKMARK [1][-]{section*.81}{\376\377\000A\000p\000p\000e\000n\000d\000i\000x\000\040\000X\000:\000\040\000P\000r\000i\000m\000e\000-\000t\000a\000i\000l\000\040\000b\000o\000u\000n\000d\000s\000\040\000\050\000P\000T\000-\0000\000/\000P\000T\000-\0001\000\051\000\040\000a\000n\000d\000\040\000c\000e\000r\000t\000i\000f\000i\000e\000d\000\040\000p\000a\000r\000a\000m\000e\000t\000e\000r\000s}{}% 55
