This is pdfTeX, Version 3.141592653-2.6-1.40.27 (TeX Live 2025) (preloaded format=pdflatex)
 restricted \write18 enabled.
entering extended mode
(/Volumes/T9/Cursor-Active/Riemann-unconditional/Aug-18-riemann-corrected.tex
LaTeX2e <2024-11-01> patch level 2
L3 programming layer <2025-01-18>
(/usr/local/texlive/2025basic/texmf-dist/tex/latex/base/article.cls
Document Class: article 2024/06/29 v1.4n Standard LaTeX document class
(/usr/local/texlive/2025basic/texmf-dist/tex/latex/base/size11.clo))
(/usr/local/texlive/2025basic/texmf-dist/tex/latex/booktabs/booktabs.sty)
(/usr/local/texlive/2025basic/texmf-dist/tex/latex/float/float.sty)
(/usr/local/texlive/2025basic/texmf-dist/tex/latex/tools/longtable.sty)
(/usr/local/texlive/2025basic/texmf-dist/tex/latex/caption/caption.sty
(/usr/local/texlive/2025basic/texmf-dist/tex/latex/caption/caption3.sty
(/usr/local/texlive/2025basic/texmf-dist/tex/latex/graphics/keyval.sty))
(/usr/local/texlive/2025basic/texmf-dist/tex/latex/caption/ltcaption.sty))
(/usr/local/texlive/2025basic/texmf-dist/tex/latex/geometry/geometry.sty
(/usr/local/texlive/2025basic/texmf-dist/tex/generic/iftex/ifvtex.sty
(/usr/local/texlive/2025basic/texmf-dist/tex/generic/iftex/iftex.sty)))
(/usr/local/texlive/2025basic/texmf-dist/tex/latex/amsmath/amsmath.sty
For additional information on amsmath, use the `?' option.
(/usr/local/texlive/2025basic/texmf-dist/tex/latex/amsmath/amstext.sty
(/usr/local/texlive/2025basic/texmf-dist/tex/latex/amsmath/amsgen.sty))
(/usr/local/texlive/2025basic/texmf-dist/tex/latex/amsmath/amsbsy.sty)
(/usr/local/texlive/2025basic/texmf-dist/tex/latex/amsmath/amsopn.sty))
(/usr/local/texlive/2025basic/texmf-dist/tex/latex/amsfonts/amssymb.sty
(/usr/local/texlive/2025basic/texmf-dist/tex/latex/amsfonts/amsfonts.sty))
(/usr/local/texlive/2025basic/texmf-dist/tex/latex/amscls/amsthm.sty)
(/usr/local/texlive/2025basic/texmf-dist/tex/latex/mathtools/mathtools.sty
(/usr/local/texlive/2025basic/texmf-dist/tex/latex/tools/calc.sty)
(/usr/local/texlive/2025basic/texmf-dist/tex/latex/mathtools/mhsetup.sty))
(/usr/local/texlive/2025basic/texmf-dist/tex/latex/base/fontenc.sty)
(/usr/local/texlive/2025basic/texmf-dist/tex/latex/lm/lmodern.sty)
(/usr/local/texlive/2025basic/texmf-dist/tex/latex/microtype/microtype.sty
(/usr/local/texlive/2025basic/texmf-dist/tex/latex/etoolbox/etoolbox.sty)
(/usr/local/texlive/2025basic/texmf-dist/tex/latex/microtype/microtype-pdftex.d
ef) (/usr/local/texlive/2025basic/texmf-dist/tex/latex/microtype/microtype.cfg)
) (/usr/local/texlive/2025basic/texmf-dist/tex/latex/hyperref/hyperref.sty
(/usr/local/texlive/2025basic/texmf-dist/tex/latex/kvsetkeys/kvsetkeys.sty)
(/usr/local/texlive/2025basic/texmf-dist/tex/generic/kvdefinekeys/kvdefinekeys.
sty)
(/usr/local/texlive/2025basic/texmf-dist/tex/generic/pdfescape/pdfescape.sty
(/usr/local/texlive/2025basic/texmf-dist/tex/generic/ltxcmds/ltxcmds.sty)
(/usr/local/texlive/2025basic/texmf-dist/tex/generic/pdftexcmds/pdftexcmds.sty
(/usr/local/texlive/2025basic/texmf-dist/tex/generic/infwarerr/infwarerr.sty)))
 (/usr/local/texlive/2025basic/texmf-dist/tex/latex/hycolor/hycolor.sty)
(/usr/local/texlive/2025basic/texmf-dist/tex/latex/hyperref/nameref.sty
(/usr/local/texlive/2025basic/texmf-dist/tex/latex/refcount/refcount.sty)
(/usr/local/texlive/2025basic/texmf-dist/tex/generic/gettitlestring/gettitlestr
ing.sty
(/usr/local/texlive/2025basic/texmf-dist/tex/latex/kvoptions/kvoptions.sty)))
(/usr/local/texlive/2025basic/texmf-dist/tex/generic/stringenc/stringenc.sty)
(/usr/local/texlive/2025basic/texmf-dist/tex/latex/hyperref/pd1enc.def)
(/usr/local/texlive/2025basic/texmf-dist/tex/generic/intcalc/intcalc.sty)
(/usr/local/texlive/2025basic/texmf-dist/tex/latex/hyperref/puenc.def)
(/usr/local/texlive/2025basic/texmf-dist/tex/latex/url/url.sty)
(/usr/local/texlive/2025basic/texmf-dist/tex/generic/bitset/bitset.sty
(/usr/local/texlive/2025basic/texmf-dist/tex/generic/bigintcalc/bigintcalc.sty)
) (/usr/local/texlive/2025basic/texmf-dist/tex/latex/base/atbegshi-ltx.sty))
(/usr/local/texlive/2025basic/texmf-dist/tex/latex/hyperref/hpdftex.def
(/usr/local/texlive/2025basic/texmf-dist/tex/latex/base/atveryend-ltx.sty)
(/usr/local/texlive/2025basic/texmf-dist/tex/latex/rerunfilecheck/rerunfilechec
k.sty
(/usr/local/texlive/2025basic/texmf-dist/tex/generic/uniquecounter/uniquecounte
r.sty))) (/usr/local/texlive/2025basic/texmf-dist/tex/latex/natbib/natbib.sty)
(/usr/local/texlive/2025basic/texmf-dist/tex/latex/lm/t1lmr.fd)
(/usr/local/texlive/2025basic/texmf-dist/tex/latex/l3backend/l3backend-pdftex.d
ef)
(/Volumes/T9/Cursor-Active/Riemann-unconditional/Aug-18-riemann-corrected.aux

LaTeX Warning: Label `sec:discussion' multiply defined.


LaTeX Warning: Label `lem:trace-lock' multiply defined.


LaTeX Warning: Label `cor:det2-invariance' multiply defined.


LaTeX Warning: Label `thm:bridge-C' multiply defined.


LaTeX Warning: Label `thm:diag-cover-corrected' multiply defined.


LaTeX Warning: Label `thm:bridges-imply-RH' multiply defined.

)
*geometry* driver: auto-detecting
*geometry* detected driver: pdftex
(/usr/local/texlive/2025basic/texmf-dist/tex/latex/graphics/graphicx.sty
(/usr/local/texlive/2025basic/texmf-dist/tex/latex/graphics/graphics.sty
(/usr/local/texlive/2025basic/texmf-dist/tex/latex/graphics/trig.sty)
(/usr/local/texlive/2025basic/texmf-dist/tex/latex/graphics-cfg/graphics.cfg)
(/usr/local/texlive/2025basic/texmf-dist/tex/latex/graphics-def/pdftex.def
(/usr/local/texlive/2025basic/texmf-dist/tex/context/base/mkii/supp-pdf.mkii
[Loading MPS to PDF converter (version 2006.09.02).]
)))
(/usr/local/texlive/2025basic/texmf-dist/tex/latex/epstopdf-pkg/epstopdf-base.s
ty
(/usr/local/texlive/2025basic/texmf-dist/tex/latex/latexconfig/epstopdf-sys.cfg
))) (/usr/local/texlive/2025basic/texmf-dist/tex/latex/microtype/mt-cmr.cfg)
(/usr/local/texlive/2025basic/texmf-dist/tex/latex/graphics/color.sty
(/usr/local/texlive/2025basic/texmf-dist/tex/latex/graphics-cfg/color.cfg)
(/usr/local/texlive/2025basic/texmf-dist/tex/latex/graphics/mathcolor.ltx))
(/Volumes/T9/Cursor-Active/Riemann-unconditional/Aug-18-riemann-corrected.out)
(/Volumes/T9/Cursor-Active/Riemann-unconditional/Aug-18-riemann-corrected.out)
(/usr/local/texlive/2025basic/texmf-dist/tex/latex/lm/ot1lmr.fd)
(/usr/local/texlive/2025basic/texmf-dist/tex/latex/lm/omllmm.fd)
(/usr/local/texlive/2025basic/texmf-dist/tex/latex/lm/omslmsy.fd)
(/usr/local/texlive/2025basic/texmf-dist/tex/latex/lm/omxlmex.fd)
(/usr/local/texlive/2025basic/texmf-dist/tex/latex/amsfonts/umsa.fd)
(/usr/local/texlive/2025basic/texmf-dist/tex/latex/microtype/mt-msa.cfg)
(/usr/local/texlive/2025basic/texmf-dist/tex/latex/amsfonts/umsb.fd)
(/usr/local/texlive/2025basic/texmf-dist/tex/latex/microtype/mt-msb.cfg)
[1{/usr/local/texlive/2025basic/texmf-var/fonts/map/pdftex/updmap/pdftex.map}{/
usr/local/texlive/2025basic/texmf-dist/fonts/enc/dvips/lm/lm-ec.enc}{/usr/local
/texlive/2025basic/texmf-dist/fonts/enc/dvips/lm/lm-rm.enc}{/usr/local/texlive/
2025basic/texmf-dist/fonts/enc/dvips/lm/lm-mathsy.enc}{/usr/local/texlive/2025b
asic/texmf-dist/fonts/enc/dvips/lm/lm-mathit.enc}{/usr/local/texlive/2025basic/
texmf-dist/fonts/enc/dvips/lm/lm-mathex.enc}]
(/usr/local/texlive/2025basic/texmf-dist/tex/latex/lm/ts1lmr.fd)
[2{/usr/local/texlive/2025basic/texmf-dist/fonts/enc/dvips/lm/lm-ts1.enc}]
(/usr/local/texlive/2025basic/texmf-dist/tex/latex/amsfonts/ueuf.fd)
(/usr/local/texlive/2025basic/texmf-dist/tex/latex/microtype/mt-euf.cfg)
[3]
[4]
[5]
[6]
[7]
[8]
[9]
Overfull \hbox (10.92058pt too wide) in paragraph at lines 477--478
\T1/lmr/m/n/10.95 (-20) Dividing by $\OML/lmm/m/it/10.95 L$ \T1/lmr/m/n/10.95 (
-20) and tak-ing the supre-mum in $\OML/lmm/m/it/10.95 L; t[]$ \T1/lmr/m/n/10.9
5 (-20) proves the first in-equal-ity with $\OML/lmm/m/it/10.95 C \OT1/lmr/m/n/
10.95 (-20) = \OML/lmm/m/it/10.95 C[] \OT1/lmr/m/n/10.95 (-20) (\OML/lmm/m/it/1
0.95 N[]M[]\OT1/lmr/m/n/10.95 (-20) )[] \OMS/lmsy/m/n/10.95 A\OT1/lmr/m/n/10.95
 (-20) (\OML/lmm/m/it/10.95  \OT1/lmr/m/n/10.95 (-20) )$\T1/lmr/m/n/10.95 (-20)
 .

[10]
[11]
[12]
[13]
[14]
[15]
Overfull \hbox (13.59557pt too wide) in paragraph at lines 717--724
[]\T1/lmr/m/n/10.95 (-20) By H$[]$--BMO du-al-ity, for ev-ery in-ter-val $\OML/
lmm/m/it/10.95 I \OT1/lmr/m/n/10.95 (-20) = [\OML/lmm/m/it/10.95 t[] \OMS/lmsy/
m/n/10.95 ^^@ \OML/lmm/m/it/10.95 L; t[] \OT1/lmr/m/n/10.95 (-20) + \OML/lmm/m/
it/10.95 L\OT1/lmr/m/n/10.95 (-20) ]$ \T1/lmr/m/n/10.95 (-20) we have $[] [] \O
ML/lmm/m/it/10.95 u ^^^[][] \OMS/lmsy/m/n/10.95 ^^T k\OML/lmm/m/it/10.95 u\OMS/
lmsy/m/n/10.95 k[] k\OML/lmm/m/it/10.95 ^^^[]\OMS/lmsy/m/n/10.95 k[]$\T1/lmr/m/
n/10.95 (-20) .

[16]
[17]
Overfull \hbox (93.73572pt too wide) detected at line 858
\OML/lmm/m/it/10.95 ^^V[]  \OT1/lmr/m/n/10.95 :=  [] [][][][\OML/lmm/m/it/10.95
 i; i\OT1/lmr/m/n/10.95 ]  \OMS/lmsy/m/n/10.95 ^^@  [] []f j[][]\OT1/lmr/m/n/10
.95 [\OML/lmm/m/it/10.95 i; j\OT1/lmr/m/n/10.95 ]\OMS/lmsy/m/n/10.95 j\OML/lmm/
m/it/10.95 ;  \OMS/lmsy/m/n/10.95 j[][]\OT1/lmr/m/n/10.95 [\OML/lmm/m/it/10.95 
i; j\OT1/lmr/m/n/10.95 ]\OMS/lmsy/m/n/10.95 j g[]\OML/lmm/m/it/10.95 ;  U[]  \O
T1/lmr/m/n/10.95 :=  []\OML/lmm/m/it/10.95 ;

Overfull \hbox (0.97804pt too wide) detected at line 862
\OML/lmm/m/it/10.95 ^^U[][]H\OT1/lmr/m/n/10.95 (\OML/lmm/m/it/10.95 ^^[\OT1/lmr
/m/n/10.95 )[]  \OMS/lmsy/m/n/10.95 ^^U  \OML/lmm/m/it/10.95 ^^N\OT1/lmr/m/n/10
.95 (\OML/lmm/m/it/10.95 ^^[[]\OT1/lmr/m/n/10.95 )\OML/lmm/m/it/10.95 ;  ^^N\OT
1/lmr/m/n/10.95 (\OML/lmm/m/it/10.95 ^^[[]\OT1/lmr/m/n/10.95 ) := [] []0\OML/lm
m/m/it/10.95 ;  [] []^^V[] \OMS/lmsy/m/n/10.95 ^^@ [] \OML/lmm/m/it/10.95 U[][]
;  [] ^^V[]  \OMS/lmsy/m/n/10.95 ^^@  [] [] [] [] \OML/lmm/m/it/10.95 U[][]:

[18]
[19]
[20]
[21]
[22]
[23]
[24]
[25]
[26]
[27]
[28]
[29]

Package hyperref Warning: Token not allowed in a PDF string (Unicode):
(hyperref)                removing `math shift' on input line 1404.


Package hyperref Warning: Token not allowed in a PDF string (Unicode):
(hyperref)                removing `subscript' on input line 1404.


Package hyperref Warning: Token not allowed in a PDF string (Unicode):
(hyperref)                removing `\psi' on input line 1404.


Package hyperref Warning: Token not allowed in a PDF string (Unicode):
(hyperref)                removing `superscript' on input line 1404.


Package hyperref Warning: Token not allowed in a PDF string (Unicode):
(hyperref)                removing `superscript' on input line 1404.


Package hyperref Warning: Token not allowed in a PDF string (Unicode):
(hyperref)                removing `math shift' on input line 1404.


[30]
[31]
[32]
[33]

Package hyperref Warning: Token not allowed in a PDF string (Unicode):
(hyperref)                removing `math shift' on input line 1550.


Package hyperref Warning: Token not allowed in a PDF string (Unicode):
(hyperref)                removing `\mathop' on input line 1550.


Package hyperref Warning: Token not allowed in a PDF string (Unicode):
(hyperref)                removing `\mathcode' on input line 1550.


Package hyperref Warning: Token not allowed in a PDF string (Unicode):
(hyperref)                removing `\mathcode' on input line 1550.


Package hyperref Warning: Token not allowed in a PDF string (Unicode):
(hyperref)                removing `\mathcode' on input line 1550.


Package hyperref Warning: Token not allowed in a PDF string (Unicode):
(hyperref)                removing `\mathchardef' on input line 1550.


Package hyperref Warning: Token not allowed in a PDF string (Unicode):
(hyperref)                removing `\std@minus' on input line 1550.


Package hyperref Warning: Token not allowed in a PDF string (Unicode):
(hyperref)                removing `\mathcode' on input line 1550.


Package hyperref Warning: Token not allowed in a PDF string (Unicode):
(hyperref)                removing `\mathcode' on input line 1550.


Package hyperref Warning: Token not allowed in a PDF string (Unicode):
(hyperref)                removing `\mathcode' on input line 1550.


Package hyperref Warning: Token not allowed in a PDF string (Unicode):
(hyperref)                removing `\mathcode' on input line 1550.


Package hyperref Warning: Token not allowed in a PDF string (Unicode):
(hyperref)                removing `\leavevmode@ifvmode' on input line 1550.


Package hyperref Warning: Token not allowed in a PDF string (Unicode):
(hyperref)                \kern 2.43306pt
(hyperref)                removed on input line 1550.


Package hyperref Warning: Token not allowed in a PDF string (Unicode):
(hyperref)                removing `\mathgroup' on input line 1550.


Package hyperref Warning: Token not allowed in a PDF string (Unicode):
(hyperref)                removing `\symoperators' on input line 1550.


Package hyperref Warning: Token not allowed in a PDF string (Unicode):
(hyperref)                removing `subscript' on input line 1550.


Package hyperref Warning: Token not allowed in a PDF string (Unicode):
(hyperref)                removing `\@ifnextchar' on input line 1550.


LaTeX Warning: Reference `lem:carleman' on page 34 undefined on input line 1562
.


[34]
[35]

Package hyperref Warning: Token not allowed in a PDF string (Unicode):
(hyperref)                removing `math shift' on input line 1645.


Package hyperref Warning: Token not allowed in a PDF string (Unicode):
(hyperref)                removing `math shift' on input line 1645.


Package hyperref Warning: Token not allowed in a PDF string (Unicode):
(hyperref)                removing `math shift' on input line 1645.


Package hyperref Warning: Token not allowed in a PDF string (Unicode):
(hyperref)                removing `math shift' on input line 1645.


[36]
[37]

Package hyperref Warning: Token not allowed in a PDF string (Unicode):
(hyperref)                removing `math shift' on input line 1705.


Package hyperref Warning: Token not allowed in a PDF string (Unicode):
(hyperref)                removing `subscript' on input line 1705.


Package hyperref Warning: Token not allowed in a PDF string (Unicode):
(hyperref)                removing `math shift' on input line 1705.


Package hyperref Warning: Token not allowed in a PDF string (Unicode):
(hyperref)                removing `math shift' on input line 1737.


Package hyperref Warning: Token not allowed in a PDF string (Unicode):
(hyperref)                removing `math shift' on input line 1737.


[38]
[39]

Package hyperref Warning: Token not allowed in a PDF string (Unicode):
(hyperref)                removing `math shift' on input line 1798.


Package hyperref Warning: Token not allowed in a PDF string (Unicode):
(hyperref)                removing `math shift' on input line 1798.


Package hyperref Warning: Token not allowed in a PDF string (Unicode):
(hyperref)                removing `math shift' on input line 1798.


Package hyperref Warning: Token not allowed in a PDF string (Unicode):
(hyperref)                removing `math shift' on input line 1798.


[40]
[41]

LaTeX Warning: Reference `thm:BRF' on page 42 undefined on input line 1894.


Package hyperref Warning: Token not allowed in a PDF string (Unicode):
(hyperref)                removing `math shift' on input line 1896.


Package hyperref Warning: Token not allowed in a PDF string (Unicode):
(hyperref)                removing `\xi' on input line 1896.


Package hyperref Warning: Token not allowed in a PDF string (Unicode):
(hyperref)                removing `math shift' on input line 1905.


Package hyperref Warning: Token not allowed in a PDF string (Unicode):
(hyperref)                removing `\Re' on input line 1905.


Package hyperref Warning: Token not allowed in a PDF string (Unicode):
(hyperref)                removing `\<def>-command' on input line 1905.


Package hyperref Warning: Token not allowed in a PDF string (Unicode):
(hyperref)                removing `\<def>-command' on input line 1905.


Package hyperref Warning: Token not allowed in a PDF string (Unicode):
(hyperref)                removing `\@tempb' on input line 1905.


Package hyperref Warning: Token not allowed in a PDF string (Unicode):
(hyperref)                removing `\varepsilon' on input line 1905.


[42]

LaTeX Warning: Reference `thm:BRF' on page 43 undefined on input line 1914.


LaTeX Warning: Reference `lem:carleman' on page 43 undefined on input line 1924
.


Package hyperref Warning: Token not allowed in a PDF string (Unicode):
(hyperref)                removing `math shift' on input line 1929.


Package hyperref Warning: Token not allowed in a PDF string (Unicode):
(hyperref)                removing `\varepsilon' on input line 1929.


Package hyperref Warning: Token not allowed in a PDF string (Unicode):
(hyperref)                removing `\downarrow' on input line 1929.


[43]

LaTeX Warning: Reference `sec:appendix' on page 44 undefined on input line 1949
.


LaTeX Warning: Reference `lem:carleman' on page 44 undefined on input line 1951
.


[44]
[45]
[46]
[47] (/usr/local/texlive/2025basic/texmf-dist/tex/latex/lm/ot1lmss.fd)

Package natbib Warning: Citation `Garnett' on page 48 undefined on input line 2
172.


Package natbib Warning: Citation `RosenblumRovnyak' on page 48 undefined on inp
ut line 2172.


[48]
[49]

LaTeX Warning: Reference `subsec:boundary-unitarity' on page 50 undefined on in
put line 2256.


Package natbib Warning: Citation `Garnett' on page 50 undefined on input line 2
270.


[50]

LaTeX Warning: Reference `subsec:boundary-unitarity' on page 51 undefined on in
put line 2292.


LaTeX Warning: Reference `cor:adaptive-cover' on page 51 undefined on input lin
e 2295.


[51]
[52]

LaTeX Warning: Reference `lem:cayley-cont' on page 53 undefined on input line 2
373.


LaTeX Warning: Reference `cor:closure' on page 53 undefined on input line 2373.



LaTeX Warning: Reference `prop:alignment-criterion' on page 53 undefined on inp
ut line 2379.


[53]

Package hyperref Warning: Token not allowed in a PDF string (Unicode):
(hyperref)                removing `math shift' on input line 2438.


Package hyperref Warning: Token not allowed in a PDF string (Unicode):
(hyperref)                removing `superscript' on input line 2438.


Package hyperref Warning: Token not allowed in a PDF string (Unicode):
(hyperref)                removing `\infty' on input line 2438.


Package hyperref Warning: Token not allowed in a PDF string (Unicode):
(hyperref)                removing `math shift' on input line 2438.


[54]

LaTeX Warning: Reference `cor:closure' on page 55 undefined on input line 2451.



LaTeX Warning: Reference `lem:no-P' on page 55 undefined on input line 2451.


LaTeX Warning: Reference `prop:hinf-passive' on page 55 undefined on input line
 2454.


LaTeX Warning: Reference `lem:cayley-cont' on page 55 undefined on input line 2
454.


LaTeX Warning: Reference `prop:hinf-passive' on page 55 undefined on input line
 2457.


LaTeX Warning: Reference `lem:cayley-cont' on page 55 undefined on input line 2
457.


[55]

Package natbib Warning: Citation `deBrangesRovnyak' on page 56 undefined on inp
ut line 2510.


Package natbib Warning: Citation `DymGohberg' on page 56 undefined on input lin
e 2510.


Package natbib Warning: Citation `SzNagyFoias' on page 56 undefined on input li
ne 2510.


Package natbib Warning: Citation `Garnett' on page 56 undefined on input line 2
510.


Package natbib Warning: Citation `RosenblumRovnyak' on page 56 undefined on inp
ut line 2510.


[56]

Package hyperref Warning: Token not allowed in a PDF string (Unicode):
(hyperref)                removing `math shift' on input line 2523.


Package hyperref Warning: Token not allowed in a PDF string (Unicode):
(hyperref)                removing `math shift' on input line 2523.


[57]
[58]
[59]
[60]
Overfull \hbox (7.76666pt too wide) detected at line 2677
[]

Overfull \hbox (89.9042pt too wide) detected at line 2689
[]

[61]

Package hyperref Warning: Token not allowed in a PDF string (Unicode):
(hyperref)                removing `math shift' on input line 2745.


Package hyperref Warning: Token not allowed in a PDF string (Unicode):
(hyperref)                removing `\to' on input line 2745.


Package hyperref Warning: Token not allowed in a PDF string (Unicode):
(hyperref)                removing `math shift' on input line 2745.


Package hyperref Warning: Token not allowed in a PDF string (Unicode):
(hyperref)                removing `\mathop' on input line 2745.


Package hyperref Warning: Token not allowed in a PDF string (Unicode):
(hyperref)                removing `\mathcode' on input line 2745.


Package hyperref Warning: Token not allowed in a PDF string (Unicode):
(hyperref)                removing `\mathcode' on input line 2745.


Package hyperref Warning: Token not allowed in a PDF string (Unicode):
(hyperref)                removing `\mathcode' on input line 2745.


Package hyperref Warning: Token not allowed in a PDF string (Unicode):
(hyperref)                removing `\mathchardef' on input line 2745.


Package hyperref Warning: Token not allowed in a PDF string (Unicode):
(hyperref)                removing `\std@minus' on input line 2745.


Package hyperref Warning: Token not allowed in a PDF string (Unicode):
(hyperref)                removing `\mathcode' on input line 2745.


Package hyperref Warning: Token not allowed in a PDF string (Unicode):
(hyperref)                removing `\mathcode' on input line 2745.


Package hyperref Warning: Token not allowed in a PDF string (Unicode):
(hyperref)                removing `\mathcode' on input line 2745.


Package hyperref Warning: Token not allowed in a PDF string (Unicode):
(hyperref)                removing `\mathcode' on input line 2745.


Package hyperref Warning: Token not allowed in a PDF string (Unicode):
(hyperref)                removing `\leavevmode@ifvmode' on input line 2745.


Package hyperref Warning: Token not allowed in a PDF string (Unicode):
(hyperref)                \kern 2.43306pt
(hyperref)                removed on input line 2745.


Package hyperref Warning: Token not allowed in a PDF string (Unicode):
(hyperref)                removing `\mathgroup' on input line 2745.


Package hyperref Warning: Token not allowed in a PDF string (Unicode):
(hyperref)                removing `\symoperators' on input line 2745.


Package hyperref Warning: Token not allowed in a PDF string (Unicode):
(hyperref)                removing `subscript' on input line 2745.


Package hyperref Warning: Token not allowed in a PDF string (Unicode):
(hyperref)                removing `\@ifnextchar' on input line 2745.


LaTeX Warning: Reference `lem:carleman' on page 62 undefined on input line 2746
.


Package hyperref Warning: Token not allowed in a PDF string (Unicode):
(hyperref)                removing `math shift' on input line 2748.


Package hyperref Warning: Token not allowed in a PDF string (Unicode):
(hyperref)                removing `\xi' on input line 2748.


[62]

LaTeX Warning: Reference `thm:BRF' on page 63 undefined on input line 2764.


Package hyperref Warning: Token not allowed in a PDF string (Unicode):
(hyperref)                removing `math shift' on input line 2778.


Package hyperref Warning: Token not allowed in a PDF string (Unicode):
(hyperref)                removing `superscript' on input line 2778.


Package hyperref Warning: Token not allowed in a PDF string (Unicode):
(hyperref)                removing `\infty' on input line 2778.


Package hyperref Warning: Token not allowed in a PDF string (Unicode):
(hyperref)                removing `math shift' on input line 2778.


LaTeX Warning: Reference `prop:hinf-passive' on page 63 undefined on input line
 2779.


[63]

Package natbib Warning: Citation `WalshApprox' on page 64 undefined on input li
ne 2794.


Package natbib Warning: Citation `SaffTotik' on page 64 undefined on input line
 2794.


LaTeX Warning: Reference `prop:hinf-passive' on page 64 undefined on input line
 2794.


Package hyperref Warning: Token not allowed in a PDF string (Unicode):
(hyperref)                removing `math shift' on input line 2808.


Package hyperref Warning: Token not allowed in a PDF string (Unicode):
(hyperref)                removing `\partial' on input line 2808.


[64]
[65]

LaTeX Warning: Reference `subsec:boundary-unitarity' on page 66 undefined on in
put line 2881.


LaTeX Warning: Reference `thm:global-PSD' on page 66 undefined on input line 28
86.


[66]

LaTeX Warning: Reference `thm:global-PSD' on page 67 undefined on input line 29
23.


[67]
[68]

LaTeX Warning: Reference `thm:certificate' on page 69 undefined on input line 3
002.


Overfull \hbox (5.05013pt too wide) in paragraph at lines 3005--3007
[]\T1/lmr/m/n/10.95 (-20) By the mass^^U1 bounds above and the ex-plicit ban-dl
imit es-ti-mate, we have $[][] \OML/lmm/m/it/10.95 C[]\OT1/lmr/m/n/10.95 (-20) 
(\OML/lmm/m/it/10.95  ; L; ^^T\OT1/lmr/m/n/10.95 (-20) ) \OMS/lmsy/m/n/10.95 ^^
T

[69]
[70]
[71]
Overfull \hbox (13.52374pt too wide) detected at line 3111
[] [][] \OMS/lmsy/m/n/10.95 j\OML/lmm/m/it/10.95 v\OT1/lmr/m/n/10.95 (\OML/lmm/
m/it/10.95 t\OT1/lmr/m/n/10.95 )\OMS/lmsy/m/n/10.95 j \OML/lmm/m/it/10.95 dt  \
OMS/lmsy/m/n/10.95 ^^T  [] [][]  \OML/lmm/m/it/10.95 w[]\OT1/lmr/m/n/10.95 (\OM
L/lmm/m/it/10.95 y\OT1/lmr/m/n/10.95 )[] [][] \OMS/lmsy/m/n/10.95 j\OML/lmm/m/i
t/10.95 @[]U\OT1/lmr/m/n/10.95 (\OML/lmm/m/it/10.95 y; t\OT1/lmr/m/n/10.95 )\OM
S/lmsy/m/n/10.95 j \OML/lmm/m/it/10.95 dt[]dy  \OMS/lmsy/m/n/10.95 ^^T  [][] []
[] \OML/lmm/m/it/10.95 w[]\OT1/lmr/m/n/10.95 (\OML/lmm/m/it/10.95 y\OT1/lmr/m/n
/10.95 ) \OML/lmm/m/it/10.95 dy[] \OMS/lmsy/m/n/10.95 ^^A []  [] [][] j\OML/lmm
/m/it/10.95 @[]U\OT1/lmr/m/n/10.95 (\OML/lmm/m/it/10.95 y; t\OT1/lmr/m/n/10.95 
)\OMS/lmsy/m/n/10.95 j \OML/lmm/m/it/10.95 dt:

[72]
[73]
[74]
[75]
[76]
[77]
Overfull \hbox (1.37862pt too wide) in paragraph at lines 3401--3402
[][]\T1/lmr/bx/n/10.95 (-20) Theorem 156 \T1/lmr/m/n/10.95 (-20) (Bridges A--C 
im-ply RH)\T1/lmr/bx/n/10.95 (-20) . []\T1/lmr/m/it/10.95 (-20) As-sume: (A) th
e det--zeta fac-tor-iza-tion $\OML/lmm/m/it/10.95 ^^X\OT1/lmr/m/n/10.95 (-20) (
\OML/lmm/m/it/10.95 s\OT1/lmr/m/n/10.95 (-20) ) = \OML/lmm/m/it/10.95 e[] [][]\
OT1/lmr/m/n/10.95 (-20) (\OML/lmm/m/it/10.95 I \OMS/lmsy/m/n/10.95 ^^@

[78]
Overfull \hbox (65.1717pt too wide) detected at line 3427
\OML/lmm/m/it/10.95 R[]\OT1/lmr/m/n/10.95 (\OML/lmm/m/it/10.95 p\OT1/lmr/m/n/10
.95 ; \OML/lmm/m/it/10.95 ^^[\OT1/lmr/m/n/10.95 )  :=  [] \OMS/lmsy/m/n/10.95 j
\OML/lmm/m/it/10.95 K[]\OMS/lmsy/m/n/10.95 j  ^^T  \OML/lmm/m/it/10.95 c p[]  [
] q[];  R[]\OT1/lmr/m/n/10.95 (\OML/lmm/m/it/10.95 q\OT1/lmr/m/n/10.95 ; \OML/l
mm/m/it/10.95 ^^[\OT1/lmr/m/n/10.95 )  :=  [] \OMS/lmsy/m/n/10.95 j\OML/lmm/m/i
t/10.95 K[]\OMS/lmsy/m/n/10.95 j  ^^T  \OML/lmm/m/it/10.95 c q[]  [] p[]:

Overfull \hbox (60.96951pt too wide) detected at line 3436
\OML/lmm/m/it/10.95 c  \OMS/lmsy/m/n/10.95 ^^T  []  []\OML/lmm/m/it/10.95 ;  c 
 \OMS/lmsy/m/n/10.95 ^^T  []  []\OML/lmm/m/it/10.95 ;

[79]
Overfull \hbox (2.84036pt too wide) in paragraph at lines 3529--3529
[][]\T1/lmr/bx/n/14.4 (-20) Route A: Bridges A--C and Cer-ti-fied Schur Cov-er-
ing (Sign-Corrected) 

[80]
[81]

Package natbib Warning: There were undefined citations.


[82]
(/Volumes/T9/Cursor-Active/Riemann-unconditional/Aug-18-riemann-corrected.aux)

LaTeX Warning: There were undefined references.


LaTeX Warning: There were multiply-defined labels.

 )
(see the transcript file for additional information)</usr/local/texlive/2025bas
ic/texmf-dist/fonts/type1/public/amsfonts/euler/eufm10.pfb></usr/local/texlive/
2025basic/texmf-dist/fonts/type1/public/lm/lmbx10.pfb></usr/local/texlive/2025b
asic/texmf-dist/fonts/type1/public/lm/lmbx12.pfb></usr/local/texlive/2025basic/
texmf-dist/fonts/type1/public/lm/lmex10.pfb></usr/local/texlive/2025basic/texmf
-dist/fonts/type1/public/lm/lmmi10.pfb></usr/local/texlive/2025basic/texmf-dist
/fonts/type1/public/lm/lmmi12.pfb></usr/local/texlive/2025basic/texmf-dist/font
s/type1/public/lm/lmmi6.pfb></usr/local/texlive/2025basic/texmf-dist/fonts/type
1/public/lm/lmmi7.pfb></usr/local/texlive/2025basic/texmf-dist/fonts/type1/publ
ic/lm/lmmi8.pfb></usr/local/texlive/2025basic/texmf-dist/fonts/type1/public/lm/
lmr10.pfb></usr/local/texlive/2025basic/texmf-dist/fonts/type1/public/lm/lmr12.
pfb></usr/local/texlive/2025basic/texmf-dist/fonts/type1/public/lm/lmr17.pfb></
usr/local/texlive/2025basic/texmf-dist/fonts/type1/public/lm/lmr6.pfb></usr/loc
al/texlive/2025basic/texmf-dist/fonts/type1/public/lm/lmr7.pfb></usr/local/texl
ive/2025basic/texmf-dist/fonts/type1/public/lm/lmr8.pfb></usr/local/texlive/202
5basic/texmf-dist/fonts/type1/public/lm/lmri10.pfb></usr/local/texlive/2025basi
c/texmf-dist/fonts/type1/public/lm/lmss10.pfb></usr/local/texlive/2025basic/tex
mf-dist/fonts/type1/public/lm/lmss8.pfb></usr/local/texlive/2025basic/texmf-dis
t/fonts/type1/public/lm/lmsy10.pfb></usr/local/texlive/2025basic/texmf-dist/fon
ts/type1/public/lm/lmsy6.pfb></usr/local/texlive/2025basic/texmf-dist/fonts/typ
e1/public/lm/lmsy8.pfb></usr/local/texlive/2025basic/texmf-dist/fonts/type1/pub
lic/amsfonts/symbols/msam10.pfb></usr/local/texlive/2025basic/texmf-dist/fonts/
type1/public/amsfonts/symbols/msbm10.pfb>
Output written on /Volumes/T9/Cursor-Active/Riemann-unconditional/Aug-18-rieman
n-corrected.pdf (82 pages, 849995 bytes).
Transcript written on /Volumes/T9/Cursor-Active/Riemann-unconditional/Aug-18-ri
emann-corrected.log.
